<?xml version="1.0" encoding="UTF-8"?>
<testsuite xmlns:xsi="http://www.w3.org/2001/XMLSchema-instance" xsi:noNamespaceSchemaLocation="https://maven.apache.org/surefire/maven-surefire-plugin/xsd/surefire-test-report-3.0.xsd" version="3.0" name="com.example.usermanagement.security.LoginIntegrationTest" time="0.206" tests="1" errors="0" skipped="0" failures="1">
  <properties>
    <property name="APP_ENV" value="test"/>
    <property name="java.specification.version" value="21"/>
    <property name="sun.cpu.isalist" value="amd64"/>
    <property name="sun.jnu.encoding" value="Cp1252"/>
    <property name="java.class.path" value="g:\modele\user-management-api-cloud\backend\target\test-classes;g:\modele\user-management-api-cloud\backend\target\classes;C:\Users\DMCDoc\.m2\repository\org\springframework\boot\spring-boot-starter-web\3.5.4\spring-boot-starter-web-3.5.4.jar;C:\Users\DMCDoc\.m2\repository\org\springframework\boot\spring-boot-starter\3.5.4\spring-boot-starter-3.5.4.jar;C:\Users\DMCDoc\.m2\repository\org\springframework\boot\spring-boot\3.5.4\spring-boot-3.5.4.jar;C:\Users\DMCDoc\.m2\repository\org\springframework\boot\spring-boot-autoconfigure\3.5.4\spring-boot-autoconfigure-3.5.4.jar;C:\Users\DMCDoc\.m2\repository\org\springframework\boot\spring-boot-starter-logging\3.5.4\spring-boot-starter-logging-3.5.4.jar;C:\Users\DMCDoc\.m2\repository\ch\qos\logback\logback-classic\1.5.18\logback-classic-1.5.18.jar;C:\Users\DMCDoc\.m2\repository\ch\qos\logback\logback-core\1.5.18\logback-core-1.5.18.jar;C:\Users\DMCDoc\.m2\repository\org\apache\logging\log4j\log4j-to-slf4j\2.24.3\log4j-to-slf4j-2.24.3.jar;C:\Users\DMCDoc\.m2\repository\org\apache\logging\log4j\log4j-api\2.24.3\log4j-api-2.24.3.jar;C:\Users\DMCDoc\.m2\repository\org\slf4j\jul-to-slf4j\2.0.17\jul-to-slf4j-2.0.17.jar;C:\Users\DMCDoc\.m2\repository\jakarta\annotation\jakarta.annotation-api\2.1.1\jakarta.annotation-api-2.1.1.jar;C:\Users\DMCDoc\.m2\repository\org\yaml\snakeyaml\2.4\snakeyaml-2.4.jar;C:\Users\DMCDoc\.m2\repository\org\springframework\boot\spring-boot-starter-json\3.5.4\spring-boot-starter-json-3.5.4.jar;C:\Users\DMCDoc\.m2\repository\com\fasterxml\jackson\datatype\jackson-datatype-jdk8\2.19.2\jackson-datatype-jdk8-2.19.2.jar;C:\Users\DMCDoc\.m2\repository\com\fasterxml\jackson\datatype\jackson-datatype-jsr310\2.19.2\jackson-datatype-jsr310-2.19.2.jar;C:\Users\DMCDoc\.m2\repository\com\fasterxml\jackson\module\jackson-module-parameter-names\2.19.2\jackson-module-parameter-names-2.19.2.jar;C:\Users\DMCDoc\.m2\repository\org\springframework\boot\spring-boot-starter-tomcat\3.5.4\spring-boot-starter-tomcat-3.5.4.jar;C:\Users\DMCDoc\.m2\repository\org\apache\tomcat\embed\tomcat-embed-core\10.1.43\tomcat-embed-core-10.1.43.jar;C:\Users\DMCDoc\.m2\repository\org\apache\tomcat\embed\tomcat-embed-el\10.1.43\tomcat-embed-el-10.1.43.jar;C:\Users\DMCDoc\.m2\repository\org\apache\tomcat\embed\tomcat-embed-websocket\10.1.43\tomcat-embed-websocket-10.1.43.jar;C:\Users\DMCDoc\.m2\repository\org\springframework\spring-web\6.2.9\spring-web-6.2.9.jar;C:\Users\DMCDoc\.m2\repository\org\springframework\spring-beans\6.2.9\spring-beans-6.2.9.jar;C:\Users\DMCDoc\.m2\repository\org\springframework\spring-webmvc\6.2.9\spring-webmvc-6.2.9.jar;C:\Users\DMCDoc\.m2\repository\org\springframework\spring-context\6.2.9\spring-context-6.2.9.jar;C:\Users\DMCDoc\.m2\repository\org\springframework\spring-expression\6.2.9\spring-expression-6.2.9.jar;C:\Users\DMCDoc\.m2\repository\org\springframework\boot\spring-boot-starter-security\3.5.4\spring-boot-starter-security-3.5.4.jar;C:\Users\DMCDoc\.m2\repository\org\springframework\spring-aop\6.2.9\spring-aop-6.2.9.jar;C:\Users\DMCDoc\.m2\repository\org\springframework\security\spring-security-config\6.5.2\spring-security-config-6.5.2.jar;C:\Users\DMCDoc\.m2\repository\org\springframework\security\spring-security-web\6.5.2\spring-security-web-6.5.2.jar;C:\Users\DMCDoc\.m2\repository\org\springframework\boot\spring-boot-starter-actuator\3.5.4\spring-boot-starter-actuator-3.5.4.jar;C:\Users\DMCDoc\.m2\repository\org\springframework\boot\spring-boot-actuator-autoconfigure\3.5.4\spring-boot-actuator-autoconfigure-3.5.4.jar;C:\Users\DMCDoc\.m2\repository\org\springframework\boot\spring-boot-actuator\3.5.4\spring-boot-actuator-3.5.4.jar;C:\Users\DMCDoc\.m2\repository\io\micrometer\micrometer-observation\1.15.2\micrometer-observation-1.15.2.jar;C:\Users\DMCDoc\.m2\repository\io\micrometer\micrometer-commons\1.15.2\micrometer-commons-1.15.2.jar;C:\Users\DMCDoc\.m2\repository\io\micrometer\micrometer-jakarta9\1.15.2\micrometer-jakarta9-1.15.2.jar;C:\Users\DMCDoc\.m2\repository\io\micrometer\micrometer-core\1.15.2\micrometer-core-1.15.2.jar;C:\Users\DMCDoc\.m2\repository\org\hdrhistogram\HdrHistogram\2.2.2\HdrHistogram-2.2.2.jar;C:\Users\DMCDoc\.m2\repository\org\latencyutils\LatencyUtils\2.0.3\LatencyUtils-2.0.3.jar;C:\Users\DMCDoc\.m2\repository\org\springframework\boot\spring-boot-starter-data-jpa\3.5.4\spring-boot-starter-data-jpa-3.5.4.jar;C:\Users\DMCDoc\.m2\repository\org\springframework\boot\spring-boot-starter-jdbc\3.5.4\spring-boot-starter-jdbc-3.5.4.jar;C:\Users\DMCDoc\.m2\repository\com\zaxxer\HikariCP\6.3.1\HikariCP-6.3.1.jar;C:\Users\DMCDoc\.m2\repository\org\springframework\spring-jdbc\6.2.9\spring-jdbc-6.2.9.jar;C:\Users\DMCDoc\.m2\repository\org\hibernate\orm\hibernate-core\6.6.22.Final\hibernate-core-6.6.22.Final.jar;C:\Users\DMCDoc\.m2\repository\jakarta\persistence\jakarta.persistence-api\3.1.0\jakarta.persistence-api-3.1.0.jar;C:\Users\DMCDoc\.m2\repository\jakarta\transaction\jakarta.transaction-api\2.0.1\jakarta.transaction-api-2.0.1.jar;C:\Users\DMCDoc\.m2\repository\org\hibernate\common\hibernate-commons-annotations\7.0.3.Final\hibernate-commons-annotations-7.0.3.Final.jar;C:\Users\DMCDoc\.m2\repository\io\smallrye\jandex\3.2.0\jandex-3.2.0.jar;C:\Users\DMCDoc\.m2\repository\net\bytebuddy\byte-buddy\1.17.6\byte-buddy-1.17.6.jar;C:\Users\DMCDoc\.m2\repository\org\glassfish\jaxb\jaxb-runtime\4.0.5\jaxb-runtime-4.0.5.jar;C:\Users\DMCDoc\.m2\repository\org\glassfish\jaxb\jaxb-core\4.0.5\jaxb-core-4.0.5.jar;C:\Users\DMCDoc\.m2\repository\org\eclipse\angus\angus-activation\2.0.2\angus-activation-2.0.2.jar;C:\Users\DMCDoc\.m2\repository\org\glassfish\jaxb\txw2\4.0.5\txw2-4.0.5.jar;C:\Users\DMCDoc\.m2\repository\com\sun\istack\istack-commons-runtime\4.1.2\istack-commons-runtime-4.1.2.jar;C:\Users\DMCDoc\.m2\repository\jakarta\inject\jakarta.inject-api\2.0.1\jakarta.inject-api-2.0.1.jar;C:\Users\DMCDoc\.m2\repository\org\antlr\antlr4-runtime\4.13.0\antlr4-runtime-4.13.0.jar;C:\Users\DMCDoc\.m2\repository\org\springframework\data\spring-data-jpa\3.5.2\spring-data-jpa-3.5.2.jar;C:\Users\DMCDoc\.m2\repository\org\springframework\data\spring-data-commons\3.5.2\spring-data-commons-3.5.2.jar;C:\Users\DMCDoc\.m2\repository\org\springframework\spring-orm\6.2.9\spring-orm-6.2.9.jar;C:\Users\DMCDoc\.m2\repository\org\springframework\spring-tx\6.2.9\spring-tx-6.2.9.jar;C:\Users\DMCDoc\.m2\repository\org\slf4j\slf4j-api\2.0.17\slf4j-api-2.0.17.jar;C:\Users\DMCDoc\.m2\repository\org\springframework\spring-aspects\6.2.9\spring-aspects-6.2.9.jar;C:\Users\DMCDoc\.m2\repository\org\aspectj\aspectjweaver\1.9.24\aspectjweaver-1.9.24.jar;C:\Users\DMCDoc\.m2\repository\org\hibernate\validator\hibernate-validator\8.0.2.Final\hibernate-validator-8.0.2.Final.jar;C:\Users\DMCDoc\.m2\repository\org\jboss\logging\jboss-logging\3.6.1.Final\jboss-logging-3.6.1.Final.jar;C:\Users\DMCDoc\.m2\repository\com\fasterxml\classmate\1.7.0\classmate-1.7.0.jar;C:\Users\DMCDoc\.m2\repository\org\springframework\boot\spring-boot-starter-test\3.5.4\spring-boot-starter-test-3.5.4.jar;C:\Users\DMCDoc\.m2\repository\org\springframework\boot\spring-boot-test\3.5.4\spring-boot-test-3.5.4.jar;C:\Users\DMCDoc\.m2\repository\org\springframework\boot\spring-boot-test-autoconfigure\3.5.4\spring-boot-test-autoconfigure-3.5.4.jar;C:\Users\DMCDoc\.m2\repository\com\jayway\jsonpath\json-path\2.9.0\json-path-2.9.0.jar;C:\Users\DMCDoc\.m2\repository\jakarta\xml\bind\jakarta.xml.bind-api\4.0.2\jakarta.xml.bind-api-4.0.2.jar;C:\Users\DMCDoc\.m2\repository\jakarta\activation\jakarta.activation-api\2.1.3\jakarta.activation-api-2.1.3.jar;C:\Users\DMCDoc\.m2\repository\net\minidev\json-smart\2.5.2\json-smart-2.5.2.jar;C:\Users\DMCDoc\.m2\repository\net\minidev\accessors-smart\2.5.2\accessors-smart-2.5.2.jar;C:\Users\DMCDoc\.m2\repository\org\ow2\asm\asm\9.7.1\asm-9.7.1.jar;C:\Users\DMCDoc\.m2\repository\org\assertj\assertj-core\3.27.3\assertj-core-3.27.3.jar;C:\Users\DMCDoc\.m2\repository\org\awaitility\awaitility\4.2.2\awaitility-4.2.2.jar;C:\Users\DMCDoc\.m2\repository\org\hamcrest\hamcrest\3.0\hamcrest-3.0.jar;C:\Users\DMCDoc\.m2\repository\org\mockito\mockito-core\5.17.0\mockito-core-5.17.0.jar;C:\Users\DMCDoc\.m2\repository\net\bytebuddy\byte-buddy-agent\1.17.6\byte-buddy-agent-1.17.6.jar;C:\Users\DMCDoc\.m2\repository\org\objenesis\objenesis\3.3\objenesis-3.3.jar;C:\Users\DMCDoc\.m2\repository\org\mockito\mockito-junit-jupiter\5.17.0\mockito-junit-jupiter-5.17.0.jar;C:\Users\DMCDoc\.m2\repository\org\skyscreamer\jsonassert\1.5.3\jsonassert-1.5.3.jar;C:\Users\DMCDoc\.m2\repository\com\vaadin\external\google\android-json\0.0.20131108.vaadin1\android-json-0.0.20131108.vaadin1.jar;C:\Users\DMCDoc\.m2\repository\org\springframework\spring-core\6.2.9\spring-core-6.2.9.jar;C:\Users\DMCDoc\.m2\repository\org\springframework\spring-jcl\6.2.9\spring-jcl-6.2.9.jar;C:\Users\DMCDoc\.m2\repository\org\springframework\spring-test\6.2.9\spring-test-6.2.9.jar;C:\Users\DMCDoc\.m2\repository\org\xmlunit\xmlunit-core\2.10.3\xmlunit-core-2.10.3.jar;C:\Users\DMCDoc\.m2\repository\org\springframework\security\spring-security-test\6.5.2\spring-security-test-6.5.2.jar;C:\Users\DMCDoc\.m2\repository\org\springframework\security\spring-security-core\6.5.2\spring-security-core-6.5.2.jar;C:\Users\DMCDoc\.m2\repository\org\springframework\security\spring-security-crypto\6.5.2\spring-security-crypto-6.5.2.jar;C:\Users\DMCDoc\.m2\repository\org\postgresql\postgresql\42.7.3\postgresql-42.7.3.jar;C:\Users\DMCDoc\.m2\repository\org\checkerframework\checker-qual\3.42.0\checker-qual-3.42.0.jar;C:\Users\DMCDoc\.m2\repository\io\jsonwebtoken\jjwt-api\0.11.5\jjwt-api-0.11.5.jar;C:\Users\DMCDoc\.m2\repository\io\jsonwebtoken\jjwt-impl\0.11.5\jjwt-impl-0.11.5.jar;C:\Users\DMCDoc\.m2\repository\io\jsonwebtoken\jjwt-jackson\0.11.5\jjwt-jackson-0.11.5.jar;C:\Users\DMCDoc\.m2\repository\com\fasterxml\jackson\core\jackson-databind\2.17.2\jackson-databind-2.17.2.jar;C:\Users\DMCDoc\.m2\repository\com\fasterxml\jackson\core\jackson-annotations\2.17.2\jackson-annotations-2.17.2.jar;C:\Users\DMCDoc\.m2\repository\com\fasterxml\jackson\core\jackson-core\2.17.2\jackson-core-2.17.2.jar;C:\Users\DMCDoc\.m2\repository\jakarta\validation\jakarta.validation-api\3.1.0\jakarta.validation-api-3.1.0.jar;C:\Users\DMCDoc\.m2\repository\org\glassfish\jakarta.el\4.0.2\jakarta.el-4.0.2.jar;C:\Users\DMCDoc\.m2\repository\jakarta\el\jakarta.el-api\4.0.0\jakarta.el-api-4.0.0.jar;C:\Users\DMCDoc\.m2\repository\com\example\shared_common\1.0.0\shared_common-1.0.0.jar;C:\Users\DMCDoc\.m2\repository\org\projectlombok\lombok\1.18.34\lombok-1.18.34.jar;C:\Users\DMCDoc\.m2\repository\org\junit\jupiter\junit-jupiter\5.10.2\junit-jupiter-5.10.2.jar;C:\Users\DMCDoc\.m2\repository\org\junit\jupiter\junit-jupiter-api\5.12.2\junit-jupiter-api-5.12.2.jar;C:\Users\DMCDoc\.m2\repository\org\opentest4j\opentest4j\1.3.0\opentest4j-1.3.0.jar;C:\Users\DMCDoc\.m2\repository\org\junit\platform\junit-platform-commons\1.12.2\junit-platform-commons-1.12.2.jar;C:\Users\DMCDoc\.m2\repository\org\apiguardian\apiguardian-api\1.1.2\apiguardian-api-1.1.2.jar;C:\Users\DMCDoc\.m2\repository\org\junit\jupiter\junit-jupiter-params\5.12.2\junit-jupiter-params-5.12.2.jar;C:\Users\DMCDoc\.m2\repository\org\junit\jupiter\junit-jupiter-engine\5.12.2\junit-jupiter-engine-5.12.2.jar;C:\Users\DMCDoc\.m2\repository\org\junit\platform\junit-platform-engine\1.12.2\junit-platform-engine-1.12.2.jar;"/>
    <property name="java.vm.vendor" value="Eclipse Adoptium"/>
    <property name="sun.arch.data.model" value="64"/>
    <property name="user.variant" value=""/>
    <property name="java.vendor.url" value="https://adoptium.net/"/>
    <property name="user.timezone" value="Europe/Paris"/>
    <property name="org.jboss.logging.provider" value="slf4j"/>
    <property name="os.name" value="Windows 11"/>
    <property name="java.vm.specification.version" value="21"/>
    <property name="APPLICATION_NAME" value="UserManagementAPI"/>
    <property name="sun.java.launcher" value="SUN_STANDARD"/>
    <property name="user.country" value="FR"/>
    <property name="sun.boot.library.path" value="C:\Program Files\Eclipse Adoptium\jdk-21.0.8.9-hotspot\bin"/>
    <property name="sun.java.command" value="C:\Users\DMCDoc\AppData\Local\Temp\surefire9805657609414920666\surefirebooter-20250918202201444_3.jar C:\Users\DMCDoc\AppData\Local\Temp\surefire9805657609414920666 2025-09-18T20-22-01_358-jvmRun1 surefire-20250918202201444_1tmp surefire_0-20250918202201444_2tmp"/>
    <property name="jdk.debug" value="release"/>
    <property name="surefire.test.class.path" value="g:\modele\user-management-api-cloud\backend\target\test-classes;g:\modele\user-management-api-cloud\backend\target\classes;C:\Users\DMCDoc\.m2\repository\org\springframework\boot\spring-boot-starter-web\3.5.4\spring-boot-starter-web-3.5.4.jar;C:\Users\DMCDoc\.m2\repository\org\springframework\boot\spring-boot-starter\3.5.4\spring-boot-starter-3.5.4.jar;C:\Users\DMCDoc\.m2\repository\org\springframework\boot\spring-boot\3.5.4\spring-boot-3.5.4.jar;C:\Users\DMCDoc\.m2\repository\org\springframework\boot\spring-boot-autoconfigure\3.5.4\spring-boot-autoconfigure-3.5.4.jar;C:\Users\DMCDoc\.m2\repository\org\springframework\boot\spring-boot-starter-logging\3.5.4\spring-boot-starter-logging-3.5.4.jar;C:\Users\DMCDoc\.m2\repository\ch\qos\logback\logback-classic\1.5.18\logback-classic-1.5.18.jar;C:\Users\DMCDoc\.m2\repository\ch\qos\logback\logback-core\1.5.18\logback-core-1.5.18.jar;C:\Users\DMCDoc\.m2\repository\org\apache\logging\log4j\log4j-to-slf4j\2.24.3\log4j-to-slf4j-2.24.3.jar;C:\Users\DMCDoc\.m2\repository\org\apache\logging\log4j\log4j-api\2.24.3\log4j-api-2.24.3.jar;C:\Users\DMCDoc\.m2\repository\org\slf4j\jul-to-slf4j\2.0.17\jul-to-slf4j-2.0.17.jar;C:\Users\DMCDoc\.m2\repository\jakarta\annotation\jakarta.annotation-api\2.1.1\jakarta.annotation-api-2.1.1.jar;C:\Users\DMCDoc\.m2\repository\org\yaml\snakeyaml\2.4\snakeyaml-2.4.jar;C:\Users\DMCDoc\.m2\repository\org\springframework\boot\spring-boot-starter-json\3.5.4\spring-boot-starter-json-3.5.4.jar;C:\Users\DMCDoc\.m2\repository\com\fasterxml\jackson\datatype\jackson-datatype-jdk8\2.19.2\jackson-datatype-jdk8-2.19.2.jar;C:\Users\DMCDoc\.m2\repository\com\fasterxml\jackson\datatype\jackson-datatype-jsr310\2.19.2\jackson-datatype-jsr310-2.19.2.jar;C:\Users\DMCDoc\.m2\repository\com\fasterxml\jackson\module\jackson-module-parameter-names\2.19.2\jackson-module-parameter-names-2.19.2.jar;C:\Users\DMCDoc\.m2\repository\org\springframework\boot\spring-boot-starter-tomcat\3.5.4\spring-boot-starter-tomcat-3.5.4.jar;C:\Users\DMCDoc\.m2\repository\org\apache\tomcat\embed\tomcat-embed-core\10.1.43\tomcat-embed-core-10.1.43.jar;C:\Users\DMCDoc\.m2\repository\org\apache\tomcat\embed\tomcat-embed-el\10.1.43\tomcat-embed-el-10.1.43.jar;C:\Users\DMCDoc\.m2\repository\org\apache\tomcat\embed\tomcat-embed-websocket\10.1.43\tomcat-embed-websocket-10.1.43.jar;C:\Users\DMCDoc\.m2\repository\org\springframework\spring-web\6.2.9\spring-web-6.2.9.jar;C:\Users\DMCDoc\.m2\repository\org\springframework\spring-beans\6.2.9\spring-beans-6.2.9.jar;C:\Users\DMCDoc\.m2\repository\org\springframework\spring-webmvc\6.2.9\spring-webmvc-6.2.9.jar;C:\Users\DMCDoc\.m2\repository\org\springframework\spring-context\6.2.9\spring-context-6.2.9.jar;C:\Users\DMCDoc\.m2\repository\org\springframework\spring-expression\6.2.9\spring-expression-6.2.9.jar;C:\Users\DMCDoc\.m2\repository\org\springframework\boot\spring-boot-starter-security\3.5.4\spring-boot-starter-security-3.5.4.jar;C:\Users\DMCDoc\.m2\repository\org\springframework\spring-aop\6.2.9\spring-aop-6.2.9.jar;C:\Users\DMCDoc\.m2\repository\org\springframework\security\spring-security-config\6.5.2\spring-security-config-6.5.2.jar;C:\Users\DMCDoc\.m2\repository\org\springframework\security\spring-security-web\6.5.2\spring-security-web-6.5.2.jar;C:\Users\DMCDoc\.m2\repository\org\springframework\boot\spring-boot-starter-actuator\3.5.4\spring-boot-starter-actuator-3.5.4.jar;C:\Users\DMCDoc\.m2\repository\org\springframework\boot\spring-boot-actuator-autoconfigure\3.5.4\spring-boot-actuator-autoconfigure-3.5.4.jar;C:\Users\DMCDoc\.m2\repository\org\springframework\boot\spring-boot-actuator\3.5.4\spring-boot-actuator-3.5.4.jar;C:\Users\DMCDoc\.m2\repository\io\micrometer\micrometer-observation\1.15.2\micrometer-observation-1.15.2.jar;C:\Users\DMCDoc\.m2\repository\io\micrometer\micrometer-commons\1.15.2\micrometer-commons-1.15.2.jar;C:\Users\DMCDoc\.m2\repository\io\micrometer\micrometer-jakarta9\1.15.2\micrometer-jakarta9-1.15.2.jar;C:\Users\DMCDoc\.m2\repository\io\micrometer\micrometer-core\1.15.2\micrometer-core-1.15.2.jar;C:\Users\DMCDoc\.m2\repository\org\hdrhistogram\HdrHistogram\2.2.2\HdrHistogram-2.2.2.jar;C:\Users\DMCDoc\.m2\repository\org\latencyutils\LatencyUtils\2.0.3\LatencyUtils-2.0.3.jar;C:\Users\DMCDoc\.m2\repository\org\springframework\boot\spring-boot-starter-data-jpa\3.5.4\spring-boot-starter-data-jpa-3.5.4.jar;C:\Users\DMCDoc\.m2\repository\org\springframework\boot\spring-boot-starter-jdbc\3.5.4\spring-boot-starter-jdbc-3.5.4.jar;C:\Users\DMCDoc\.m2\repository\com\zaxxer\HikariCP\6.3.1\HikariCP-6.3.1.jar;C:\Users\DMCDoc\.m2\repository\org\springframework\spring-jdbc\6.2.9\spring-jdbc-6.2.9.jar;C:\Users\DMCDoc\.m2\repository\org\hibernate\orm\hibernate-core\6.6.22.Final\hibernate-core-6.6.22.Final.jar;C:\Users\DMCDoc\.m2\repository\jakarta\persistence\jakarta.persistence-api\3.1.0\jakarta.persistence-api-3.1.0.jar;C:\Users\DMCDoc\.m2\repository\jakarta\transaction\jakarta.transaction-api\2.0.1\jakarta.transaction-api-2.0.1.jar;C:\Users\DMCDoc\.m2\repository\org\hibernate\common\hibernate-commons-annotations\7.0.3.Final\hibernate-commons-annotations-7.0.3.Final.jar;C:\Users\DMCDoc\.m2\repository\io\smallrye\jandex\3.2.0\jandex-3.2.0.jar;C:\Users\DMCDoc\.m2\repository\net\bytebuddy\byte-buddy\1.17.6\byte-buddy-1.17.6.jar;C:\Users\DMCDoc\.m2\repository\org\glassfish\jaxb\jaxb-runtime\4.0.5\jaxb-runtime-4.0.5.jar;C:\Users\DMCDoc\.m2\repository\org\glassfish\jaxb\jaxb-core\4.0.5\jaxb-core-4.0.5.jar;C:\Users\DMCDoc\.m2\repository\org\eclipse\angus\angus-activation\2.0.2\angus-activation-2.0.2.jar;C:\Users\DMCDoc\.m2\repository\org\glassfish\jaxb\txw2\4.0.5\txw2-4.0.5.jar;C:\Users\DMCDoc\.m2\repository\com\sun\istack\istack-commons-runtime\4.1.2\istack-commons-runtime-4.1.2.jar;C:\Users\DMCDoc\.m2\repository\jakarta\inject\jakarta.inject-api\2.0.1\jakarta.inject-api-2.0.1.jar;C:\Users\DMCDoc\.m2\repository\org\antlr\antlr4-runtime\4.13.0\antlr4-runtime-4.13.0.jar;C:\Users\DMCDoc\.m2\repository\org\springframework\data\spring-data-jpa\3.5.2\spring-data-jpa-3.5.2.jar;C:\Users\DMCDoc\.m2\repository\org\springframework\data\spring-data-commons\3.5.2\spring-data-commons-3.5.2.jar;C:\Users\DMCDoc\.m2\repository\org\springframework\spring-orm\6.2.9\spring-orm-6.2.9.jar;C:\Users\DMCDoc\.m2\repository\org\springframework\spring-tx\6.2.9\spring-tx-6.2.9.jar;C:\Users\DMCDoc\.m2\repository\org\slf4j\slf4j-api\2.0.17\slf4j-api-2.0.17.jar;C:\Users\DMCDoc\.m2\repository\org\springframework\spring-aspects\6.2.9\spring-aspects-6.2.9.jar;C:\Users\DMCDoc\.m2\repository\org\aspectj\aspectjweaver\1.9.24\aspectjweaver-1.9.24.jar;C:\Users\DMCDoc\.m2\repository\org\hibernate\validator\hibernate-validator\8.0.2.Final\hibernate-validator-8.0.2.Final.jar;C:\Users\DMCDoc\.m2\repository\org\jboss\logging\jboss-logging\3.6.1.Final\jboss-logging-3.6.1.Final.jar;C:\Users\DMCDoc\.m2\repository\com\fasterxml\classmate\1.7.0\classmate-1.7.0.jar;C:\Users\DMCDoc\.m2\repository\org\springframework\boot\spring-boot-starter-test\3.5.4\spring-boot-starter-test-3.5.4.jar;C:\Users\DMCDoc\.m2\repository\org\springframework\boot\spring-boot-test\3.5.4\spring-boot-test-3.5.4.jar;C:\Users\DMCDoc\.m2\repository\org\springframework\boot\spring-boot-test-autoconfigure\3.5.4\spring-boot-test-autoconfigure-3.5.4.jar;C:\Users\DMCDoc\.m2\repository\com\jayway\jsonpath\json-path\2.9.0\json-path-2.9.0.jar;C:\Users\DMCDoc\.m2\repository\jakarta\xml\bind\jakarta.xml.bind-api\4.0.2\jakarta.xml.bind-api-4.0.2.jar;C:\Users\DMCDoc\.m2\repository\jakarta\activation\jakarta.activation-api\2.1.3\jakarta.activation-api-2.1.3.jar;C:\Users\DMCDoc\.m2\repository\net\minidev\json-smart\2.5.2\json-smart-2.5.2.jar;C:\Users\DMCDoc\.m2\repository\net\minidev\accessors-smart\2.5.2\accessors-smart-2.5.2.jar;C:\Users\DMCDoc\.m2\repository\org\ow2\asm\asm\9.7.1\asm-9.7.1.jar;C:\Users\DMCDoc\.m2\repository\org\assertj\assertj-core\3.27.3\assertj-core-3.27.3.jar;C:\Users\DMCDoc\.m2\repository\org\awaitility\awaitility\4.2.2\awaitility-4.2.2.jar;C:\Users\DMCDoc\.m2\repository\org\hamcrest\hamcrest\3.0\hamcrest-3.0.jar;C:\Users\DMCDoc\.m2\repository\org\mockito\mockito-core\5.17.0\mockito-core-5.17.0.jar;C:\Users\DMCDoc\.m2\repository\net\bytebuddy\byte-buddy-agent\1.17.6\byte-buddy-agent-1.17.6.jar;C:\Users\DMCDoc\.m2\repository\org\objenesis\objenesis\3.3\objenesis-3.3.jar;C:\Users\DMCDoc\.m2\repository\org\mockito\mockito-junit-jupiter\5.17.0\mockito-junit-jupiter-5.17.0.jar;C:\Users\DMCDoc\.m2\repository\org\skyscreamer\jsonassert\1.5.3\jsonassert-1.5.3.jar;C:\Users\DMCDoc\.m2\repository\com\vaadin\external\google\android-json\0.0.20131108.vaadin1\android-json-0.0.20131108.vaadin1.jar;C:\Users\DMCDoc\.m2\repository\org\springframework\spring-core\6.2.9\spring-core-6.2.9.jar;C:\Users\DMCDoc\.m2\repository\org\springframework\spring-jcl\6.2.9\spring-jcl-6.2.9.jar;C:\Users\DMCDoc\.m2\repository\org\springframework\spring-test\6.2.9\spring-test-6.2.9.jar;C:\Users\DMCDoc\.m2\repository\org\xmlunit\xmlunit-core\2.10.3\xmlunit-core-2.10.3.jar;C:\Users\DMCDoc\.m2\repository\org\springframework\security\spring-security-test\6.5.2\spring-security-test-6.5.2.jar;C:\Users\DMCDoc\.m2\repository\org\springframework\security\spring-security-core\6.5.2\spring-security-core-6.5.2.jar;C:\Users\DMCDoc\.m2\repository\org\springframework\security\spring-security-crypto\6.5.2\spring-security-crypto-6.5.2.jar;C:\Users\DMCDoc\.m2\repository\org\postgresql\postgresql\42.7.3\postgresql-42.7.3.jar;C:\Users\DMCDoc\.m2\repository\org\checkerframework\checker-qual\3.42.0\checker-qual-3.42.0.jar;C:\Users\DMCDoc\.m2\repository\io\jsonwebtoken\jjwt-api\0.11.5\jjwt-api-0.11.5.jar;C:\Users\DMCDoc\.m2\repository\io\jsonwebtoken\jjwt-impl\0.11.5\jjwt-impl-0.11.5.jar;C:\Users\DMCDoc\.m2\repository\io\jsonwebtoken\jjwt-jackson\0.11.5\jjwt-jackson-0.11.5.jar;C:\Users\DMCDoc\.m2\repository\com\fasterxml\jackson\core\jackson-databind\2.17.2\jackson-databind-2.17.2.jar;C:\Users\DMCDoc\.m2\repository\com\fasterxml\jackson\core\jackson-annotations\2.17.2\jackson-annotations-2.17.2.jar;C:\Users\DMCDoc\.m2\repository\com\fasterxml\jackson\core\jackson-core\2.17.2\jackson-core-2.17.2.jar;C:\Users\DMCDoc\.m2\repository\jakarta\validation\jakarta.validation-api\3.1.0\jakarta.validation-api-3.1.0.jar;C:\Users\DMCDoc\.m2\repository\org\glassfish\jakarta.el\4.0.2\jakarta.el-4.0.2.jar;C:\Users\DMCDoc\.m2\repository\jakarta\el\jakarta.el-api\4.0.0\jakarta.el-api-4.0.0.jar;C:\Users\DMCDoc\.m2\repository\com\example\shared_common\1.0.0\shared_common-1.0.0.jar;C:\Users\DMCDoc\.m2\repository\org\projectlombok\lombok\1.18.34\lombok-1.18.34.jar;C:\Users\DMCDoc\.m2\repository\org\junit\jupiter\junit-jupiter\5.10.2\junit-jupiter-5.10.2.jar;C:\Users\DMCDoc\.m2\repository\org\junit\jupiter\junit-jupiter-api\5.12.2\junit-jupiter-api-5.12.2.jar;C:\Users\DMCDoc\.m2\repository\org\opentest4j\opentest4j\1.3.0\opentest4j-1.3.0.jar;C:\Users\DMCDoc\.m2\repository\org\junit\platform\junit-platform-commons\1.12.2\junit-platform-commons-1.12.2.jar;C:\Users\DMCDoc\.m2\repository\org\apiguardian\apiguardian-api\1.1.2\apiguardian-api-1.1.2.jar;C:\Users\DMCDoc\.m2\repository\org\junit\jupiter\junit-jupiter-params\5.12.2\junit-jupiter-params-5.12.2.jar;C:\Users\DMCDoc\.m2\repository\org\junit\jupiter\junit-jupiter-engine\5.12.2\junit-jupiter-engine-5.12.2.jar;C:\Users\DMCDoc\.m2\repository\org\junit\platform\junit-platform-engine\1.12.2\junit-platform-engine-1.12.2.jar;"/>
    <property name="sun.cpu.endian" value="little"/>
    <property name="user.home" value="C:\Users\DMCDoc"/>
    <property name="user.language" value="fr"/>
    <property name="java.specification.vendor" value="Oracle Corporation"/>
    <property name="java.version.date" value="2025-07-15"/>
    <property name="java.home" value="C:\Program Files\Eclipse Adoptium\jdk-21.0.8.9-hotspot"/>
    <property name="file.separator" value="\"/>
    <property name="basedir" value="g:\modele\user-management-api-cloud\backend"/>
    <property name="java.vm.compressedOopsMode" value="Zero based"/>
    <property name="line.separator" value="&#10;"/>
    <property name="java.vm.specification.vendor" value="Oracle Corporation"/>
    <property name="java.specification.name" value="Java Platform API Specification"/>
    <property name="FILE_LOG_CHARSET" value="UTF-8"/>
    <property name="java.awt.headless" value="true"/>
    <property name="surefire.real.class.path" value="C:\Users\DMCDoc\AppData\Local\Temp\surefire9805657609414920666\surefirebooter-20250918202201444_3.jar"/>
    <property name="user.script" value=""/>
    <property name="sun.management.compiler" value="HotSpot 64-Bit Tiered Compilers"/>
    <property name="java.runtime.version" value="21.0.8+9-LTS"/>
    <property name="user.name" value="DMCDoc"/>
    <property name="stdout.encoding" value="Cp1252"/>
    <property name="path.separator" value=";"/>
    <property name="os.version" value="10.0"/>
    <property name="java.runtime.name" value="OpenJDK Runtime Environment"/>
    <property name="file.encoding" value="UTF-8"/>
    <property name="FILE_LOG_PATTERN" value="%d{yyyy-MM-dd HH:mm:ss} %-5level %logger{36} - %msg%n"/>
    <property name="java.vm.name" value="OpenJDK 64-Bit Server VM"/>
    <property name="java.vendor.version" value="Temurin-21.0.8+9"/>
    <property name="LOG_FILE" value="logs/usermanagement.log"/>
    <property name="localRepository" value="C:\Users\DMCDoc\.m2\repository"/>
    <property name="java.vendor.url.bug" value="https://github.com/adoptium/adoptium-support/issues"/>
    <property name="java.io.tmpdir" value="C:\Users\DMCDoc\AppData\Local\Temp\"/>
    <property name="com.zaxxer.hikari.pool_number" value="3"/>
    <property name="java.version" value="21.0.8"/>
    <property name="user.dir" value="g:\modele\user-management-api-cloud\backend"/>
    <property name="os.arch" value="amd64"/>
    <property name="java.vm.specification.name" value="Java Virtual Machine Specification"/>
    <property name="PID" value="14220"/>
    <property name="sun.os.patch.level" value=""/>
    <property name="CONSOLE_LOG_CHARSET" value="UTF-8"/>
    <property name="native.encoding" value="Cp1252"/>
    <property name="java.library.path" value="C:\Program Files\Eclipse Adoptium\jdk-21.0.8.9-hotspot\bin;C:\Windows\Sun\Java\bin;C:\Windows\system32;C:\Windows;C:\Program Files\PowerShell\7;C:\Users\DMCDoc\flutter\bin\cache\dart-sdk\bin\;C:\Python313\Scripts\;C:\Python313\;C:\Program Files\Amazon Corretto\jdk17.0.15_6\bin;C:\Program Files\Eclipse Adoptium\jdk-21.0.8.9-hotspot\bin;D:\application\VMworkstation\bin\;C:\Windows\system32;C:\Windows;C:\Windows\System32\Wbem;C:\Windows\System32\WindowsPowerShell\v1.0\;C:\Windows\System32\OpenSSH\;C:\Program Files\dotnet\;C:\Windows\AtlasModules;C:\Windows\AtlasModules\Apps;C:\Windows\AtlasModules\Other;C:\Windows\AtlasModules\Tools;C:\Windows\AtlasModules\Scripts;C:\Program Files\PowerShell\7\;C:\Users\DMCDoc\AppData\Local\Programs\Python\Launcher\;C:\Users\DMCDoc\flutter\bin;C:\Users\DMCDoc\AppData\Local\Microsoft\WindowsApps;C:\Program Files\Oracle\VirtualBox;D:\Document\FormationRéseau\convertisseur\convertisseur\flutter\bin;D:\Document\FormationReseau\convertisseur\convertissor\convertisseur\flutter\bin;G:\Formation\FormationReseau\convertisseur\convertissor\flutter\bin;C:\Users\DMCDoc\AppData\Local\Microsoft\WindowsApps;D:\application\Chocolatey\bin;C:\Program Files\Git\cmd;C:\Program Files\Microsoft VS Code\bin;C:\Program Files (x86)\Windows Kits\10\Windows Performance Toolkit\;C:\Program Files\OpenJDK\jdk-22.0.2\bin;C:\Program Files\OpenJDK\jdk-17.0.1\bin;D:\application\Nodejs\;C:\Program Files\Amazon\AWSCLIV2\;D:\application\Chocolatey\lib\maven\apache-maven-3.9.11\bin;C:\Program Files\Vagrant\bin;C:\Program Files\OpenJDK\jdk-17.0.1\bin;C:\Program Files\Eclipse Adoptium\jdk-21.0.8.9-hotspot\bin;C:\Users\DMCDoc\flutter\bin;C:\Users\DMCDoc\AppData\Local\Microsoft\WindowsApps;C:\Program Files\Oracle\VirtualBox;D:\Document\FormationRéseau\convertisseur\convertisseur\flutter\bin;D:\Document\FormationReseau\convertisseur\convertissor\convertisseur\flutter\bin;G:\Formation\FormationReseau\convertisseur\convertissor\flutter\bin;C:\Program Files (x86)\Windows Kits\10\Assessment and Deployment Kit\Deployment Tools\amd64\Oscdimg;C:\Program Files (x86)\Windows Kits\10\Assessment and Deployment Kit\Deployment Tools\WSIM\amd64;C:\tools\mysql\current\bin;C:\Users\DMCDoc\.lmstudio\bin;C:\Users\DMCDoc\AppData\Roaming\npm;C:\Users\DMCDoc\AppData\Local\Programs\Ollama;;c:\Users\DMCDoc\AppData\Roaming\Code\User\globalStorage\github.copilot-chat\debugCommand;c:\Users\DMCDoc\.vscode\extensions\ms-python.debugpy-2025.10.0-win32-x64\bundled\scripts\noConfigScripts;."/>
    <property name="java.vm.info" value="mixed mode, sharing"/>
    <property name="stderr.encoding" value="Cp1252"/>
    <property name="java.vendor" value="Eclipse Adoptium"/>
    <property name="java.vm.version" value="21.0.8+9-LTS"/>
    <property name="sun.io.unicode.encoding" value="UnicodeLittle"/>
    <property name="java.class.version" value="65.0"/>
    <property name="LOGGED_APPLICATION_NAME" value="[UserManagementAPI] "/>
  </properties>
  <testcase name="testLoginReturnsJwtToken" classname="com.example.usermanagement.security.LoginIntegrationTest" time="0.201">
    <failure message="Status expected:&lt;200&gt; but was:&lt;500&gt;" type="java.lang.AssertionError"><![CDATA[java.lang.AssertionError: Status expected:<200> but was:<500>
	at org.springframework.test.util.AssertionErrors.fail(AssertionErrors.java:61)
	at org.springframework.test.util.AssertionErrors.assertEquals(AssertionErrors.java:128)
	at org.springframework.test.web.servlet.result.StatusResultMatchers.lambda$matcher$9(StatusResultMatchers.java:640)
	at org.springframework.test.web.servlet.MockMvc$1.andExpect(MockMvc.java:214)
	at com.example.usermanagement.security.LoginIntegrationTest.testLoginReturnsJwtToken(LoginIntegrationTest.java:52)
	at java.base/java.lang.reflect.Method.invoke(Method.java:580)
	at java.base/java.util.ArrayList.forEach(ArrayList.java:1596)
	at java.base/java.util.ArrayList.forEach(ArrayList.java:1596)
]]></failure>
    <system-out><![CDATA[2025-09-18T20:22:09.478+02:00 DEBUG 14220 --- [UserManagementAPI] [           main] .b.t.c.SpringBootTestContextBootstrapper : Neither @ContextConfiguration nor @ContextHierarchy found for test class [LoginIntegrationTest]: using SpringBootContextLoader
2025-09-18T20:22:09.478+02:00 DEBUG 14220 --- [UserManagementAPI] [           main] o.s.t.c.support.AbstractContextLoader    : Could not detect default resource locations for test class [com.example.usermanagement.security.LoginIntegrationTest]: no resource found for suffixes {-context.xml, Context.groovy}.
2025-09-18T20:22:09.478+02:00  INFO 14220 --- [UserManagementAPI] [           main] t.c.s.AnnotationConfigContextLoaderUtils : Could not detect default configuration classes for test class [com.example.usermanagement.security.LoginIntegrationTest]: LoginIntegrationTest does not declare any static, non-private, non-final, nested classes annotated with @Configuration.
2025-09-18T20:22:09.479+02:00 DEBUG 14220 --- [UserManagementAPI] [           main] .b.t.c.SpringBootTestContextBootstrapper : Using ContextCustomizerFactory implementations for test class [LoginIntegrationTest]: [ImportsContextCustomizerFactory, ExcludeFilterContextCustomizerFactory, HttpGraphQlTesterContextCustomizerFactory, DuplicateJsonObjectContextCustomizerFactory, MockitoContextCustomizerFactory, TestRestTemplateContextCustomizerFactory, WebTestClientContextCustomizerFactory, DisableReactorResourceFactoryGlobalResourcesContextCustomizerFactory, OnFailureConditionReportContextCustomizerFactory, OverrideAutoConfigurationContextCustomizerFactory, ObservabilityContextCustomizerFactory, TypeExcludeFiltersContextCustomizerFactory, PropertyMappingContextCustomizerFactory, WebDriverContextCustomizerFactory, BeanOverrideContextCustomizerFactory, MockServerContainerContextCustomizerFactory, DynamicPropertiesContextCustomizerFactory]
2025-09-18T20:22:09.479+02:00 DEBUG 14220 --- [UserManagementAPI] [           main] .b.t.c.SpringBootTestContextBootstrapper : Using ContextCustomizers for test class [LoginIntegrationTest]: [ImportsContextCustomizer, ExcludeFilterContextCustomizer, DuplicateJsonObjectContextCustomizer, MockitoContextCustomizer, TestRestTemplateContextCustomizer, DisableReactorResourceFactoryGlobalResourcesContextCustomizerCustomizer, OnFailureConditionReportContextCustomizer, DisableObservabilityContextCustomizer, PropertyMappingContextCustomizer, WebDriverContextCustomizer, DynamicPropertiesContextCustomizer]
2025-09-18T20:22:09.480+02:00  INFO 14220 --- [UserManagementAPI] [           main] .b.t.c.SpringBootTestContextBootstrapper : Found @SpringBootConfiguration com.example.usermanagement.UserManagementApplication for test class com.example.usermanagement.security.LoginIntegrationTest
2025-09-18T20:22:09.481+02:00 DEBUG 14220 --- [UserManagementAPI] [           main] .s.t.c.u.TestContextSpringFactoriesUtils : Skipping candidate TestExecutionListener [org.springframework.test.context.observation.MicrometerObservationRegistryTestExecutionListener] due to a missing dependency. Specify custom TestExecutionListener classes or make the default TestExecutionListener classes and their required dependencies available. Offending class: io.micrometer.context.ThreadLocalAccessor. MicrometerObservationRegistryTestExecutionListener requires io.micrometer:micrometer-observation:1.10.8 or higher and io.micrometer:context-propagation:1.0.3 or higher.
2025-09-18T20:22:09.481+02:00 DEBUG 14220 --- [UserManagementAPI] [           main] .b.t.c.SpringBootTestContextBootstrapper : Using TestExecutionListeners for test class [LoginIntegrationTest]: [ServletTestExecutionListener, DirtiesContextBeforeModesTestExecutionListener, ApplicationEventsTestExecutionListener, MockitoTestExecutionListener, BeanOverrideTestExecutionListener, DependencyInjectionTestExecutionListener, DirtiesContextTestExecutionListener, CommonCachesTestExecutionListener, TransactionalTestExecutionListener, SqlScriptsTestExecutionListener, EventPublishingTestExecutionListener, WithSecurityContextTestExecutionListener, ReactorContextTestExecutionListener, ResetMocksTestExecutionListener, RestDocsTestExecutionListener, MockRestServiceServerResetTestExecutionListener, MockMvcPrintOnlyOnFailureTestExecutionListener, WebDriverTestExecutionListener, MockWebServiceServerTestExecutionListener, MockitoResetTestExecutionListener]
2025-09-18T20:22:09.481+02:00 DEBUG 14220 --- [UserManagementAPI] [           main] sContextBeforeModesTestExecutionListener : Before test class: class [LoginIntegrationTest], class annotated with @DirtiesContext [false] with mode [null]
2025-09-18T20:22:09.481+02:00 DEBUG 14220 --- [UserManagementAPI] [           main] org.springframework.test.context.cache   : Spring test ApplicationContext cache statistics: [DefaultContextCache@33f42420 size = 3, maxSize = 32, parentContextCount = 0, hitCount = 161, missCount = 5, failureCount = 1]
2025-09-18T20:22:09.481+02:00 DEBUG 14220 --- [UserManagementAPI] [           main] org.springframework.test.context.cache   : Spring test ApplicationContext cache statistics: [DefaultContextCache@33f42420 size = 3, maxSize = 32, parentContextCount = 0, hitCount = 162, missCount = 5, failureCount = 1]
2025-09-18T20:22:09.481+02:00 DEBUG 14220 --- [UserManagementAPI] [           main] o.s.t.c.w.ServletTestExecutionListener   : Setting up MockHttpServletRequest, MockHttpServletResponse, ServletWebRequest, and RequestContextHolder for test class com.example.usermanagement.security.LoginIntegrationTest
2025-09-18T20:22:09.481+02:00 DEBUG 14220 --- [UserManagementAPI] [           main] DependencyInjectionTestExecutionListener : Performing dependency injection for test class com.example.usermanagement.security.LoginIntegrationTest
2025-09-18T20:22:09.481+02:00 DEBUG 14220 --- [UserManagementAPI] [           main] org.springframework.test.context.cache   : Spring test ApplicationContext cache statistics: [DefaultContextCache@33f42420 size = 3, maxSize = 32, parentContextCount = 0, hitCount = 163, missCount = 5, failureCount = 1]
2025-09-18T20:22:09.482+02:00 DEBUG 14220 --- [UserManagementAPI] [           main] org.springframework.test.context.cache   : Spring test ApplicationContext cache statistics: [DefaultContextCache@33f42420 size = 3, maxSize = 32, parentContextCount = 0, hitCount = 164, missCount = 5, failureCount = 1]
2025-09-18T20:22:09.482+02:00 DEBUG 14220 --- [UserManagementAPI] [           main] sContextBeforeModesTestExecutionListener : Before test method: class [LoginIntegrationTest], method [testLoginReturnsJwtToken], class annotated with @DirtiesContext [false] with mode [null], method annotated with @DirtiesContext [false] with mode [null]
2025-09-18T20:22:09.482+02:00 DEBUG 14220 --- [UserManagementAPI] [           main] org.springframework.test.context.cache   : Spring test ApplicationContext cache statistics: [DefaultContextCache@33f42420 size = 3, maxSize = 32, parentContextCount = 0, hitCount = 165, missCount = 5, failureCount = 1]
2025-09-18T20:22:09.482+02:00 DEBUG 14220 --- [UserManagementAPI] [           main] org.springframework.test.context.cache   : Spring test ApplicationContext cache statistics: [DefaultContextCache@33f42420 size = 3, maxSize = 32, parentContextCount = 0, hitCount = 166, missCount = 5, failureCount = 1]
2025-09-18T20:22:09.483+02:00 DEBUG 14220 --- [UserManagementAPI] [           main] org.springframework.test.context.cache   : Spring test ApplicationContext cache statistics: [DefaultContextCache@33f42420 size = 3, maxSize = 32, parentContextCount = 0, hitCount = 167, missCount = 5, failureCount = 1]
2025-09-18T20:22:09.484+02:00 DEBUG 14220 --- [UserManagementAPI] [           main] o.s.security.web.FilterChainProxy        : Securing POST /users/register
2025-09-18T20:22:09.485+02:00 DEBUG 14220 --- [UserManagementAPI] [           main] o.s.security.web.FilterChainProxy        : Secured POST /users/register
2025-09-18T20:22:09.485+02:00 DEBUG 14220 --- [UserManagementAPI] [           main] o.s.t.web.servlet.TestDispatcherServlet  : POST "/users/register", parameters={}
2025-09-18T20:22:09.485+02:00 DEBUG 14220 --- [UserManagementAPI] [           main] s.w.s.m.m.a.RequestMappingHandlerMapping : Mapped to com.example.usermanagement.controller.UserController#register(RegisterRequest)
2025-09-18T20:22:09.485+02:00 DEBUG 14220 --- [UserManagementAPI] [           main] o.j.s.OpenEntityManagerInViewInterceptor : Opening JPA EntityManager in OpenEntityManagerInViewInterceptor
2025-09-18T20:22:09.487+02:00 DEBUG 14220 --- [UserManagementAPI] [           main] m.m.a.RequestResponseBodyMethodProcessor : Read "application/json;charset=UTF-8" to [com.example.usermanagement.dto.RegisterRequest@5e09e2a0]
2025-09-18T20:22:09.488+02:00 DEBUG 14220 --- [UserManagementAPI] [           main] o.s.orm.jpa.JpaTransactionManager        : Found thread-bound EntityManager [SessionImpl(518361271<open>)] for JPA transaction
2025-09-18T20:22:09.488+02:00 DEBUG 14220 --- [UserManagementAPI] [           main] o.s.orm.jpa.JpaTransactionManager        : Creating new transaction with name [com.example.usermanagement.service.UserService.register]: PROPAGATION_REQUIRED,ISOLATION_DEFAULT
2025-09-18T20:22:09.488+02:00 DEBUG 14220 --- [UserManagementAPI] [           main] o.h.e.t.internal.TransactionImpl         : On TransactionImpl creation, JpaCompliance#isJpaTransactionComplianceEnabled == false
2025-09-18T20:22:09.488+02:00 DEBUG 14220 --- [UserManagementAPI] [           main] o.h.e.t.internal.TransactionImpl         : begin
2025-09-18T20:22:09.489+02:00 DEBUG 14220 --- [UserManagementAPI] [           main] o.s.orm.jpa.JpaTransactionManager        : Exposing JPA transaction as JDBC [org.springframework.orm.jpa.vendor.HibernateJpaDialect$HibernateConnectionHandle@6eeb6ef7]
➡️ [UserService] Register user=bob
2025-09-18T20:22:09.490+02:00 DEBUG 14220 --- [UserManagementAPI] [           main] org.hibernate.orm.sql.ast.create         : Created new SQL alias : u1_0
2025-09-18T20:22:09.490+02:00 DEBUG 14220 --- [UserManagementAPI] [           main] org.hibernate.orm.sql.ast.create         : Registration of TableGroup [StandardTableGroup(com.example.usermanagement.model.User(6))] with identifierForTableGroup [com.example.usermanagement.model.User] for NavigablePath [com.example.usermanagement.model.User] 
2025-09-18T20:22:09.490+02:00 DEBUG 14220 --- [UserManagementAPI] [           main] o.h.q.sqm.sql.BaseSqmToSqlAstConverter   : Determining mapping-model type for SqmParameter : org.hibernate.query.sqm.tree.expression.SqmJpaCriteriaParameterWrapper@2f258c95
2025-09-18T20:22:09.490+02:00 DEBUG 14220 --- [UserManagementAPI] [           main] o.h.q.sqm.sql.BaseSqmToSqlAstConverter   : Determining mapping-model type for SqmPath : SqmBasicValuedSimplePath(com.example.usermanagement.model.User(6).username) 
2025-09-18T20:22:09.490+02:00 DEBUG 14220 --- [UserManagementAPI] [           main] org.hibernate.orm.results.graph.AST      : DomainResult Graph:
 \-BasicResult [com.example.usermanagement.model.User(6).id]

2025-09-18T20:22:09.490+02:00 DEBUG 14220 --- [UserManagementAPI] [           main] org.hibernate.orm.sql.ast.tree           : SQL AST Tree:
    SelectStatement {
      FromClause {
        StandardTableGroup (u1 : com.example.usermanagement.model.User(6)) {
          primaryTableReference : users as u1_0
        }
      }
    }

2025-09-18T20:22:09.490+02:00 DEBUG 14220 --- [UserManagementAPI] [           main] org.hibernate.orm.sql.exec               : Skipping reading Query result cache data: cache-enabled = false, cache-mode = NORMAL
2025-09-18T20:22:09.490+02:00 DEBUG 14220 --- [UserManagementAPI] [           main] org.hibernate.SQL                        : select u1_0.id from users u1_0 where u1_0.username=? fetch first ? rows only
Hibernate: select u1_0.id from users u1_0 where u1_0.username=? fetch first ? rows only
2025-09-18T20:22:09.493+02:00 DEBUG 14220 --- [UserManagementAPI] [           main] org.hibernate.orm.results                : Initializer list is empty
2025-09-18T20:22:09.494+02:00 DEBUG 14220 --- [UserManagementAPI] [           main] org.hibernate.orm.sql.ast.create         : Created new SQL alias : u1_0
2025-09-18T20:22:09.494+02:00 DEBUG 14220 --- [UserManagementAPI] [           main] org.hibernate.orm.sql.ast.create         : Registration of TableGroup [StandardTableGroup(com.example.usermanagement.model.User(8))] with identifierForTableGroup [com.example.usermanagement.model.User] for NavigablePath [com.example.usermanagement.model.User] 
2025-09-18T20:22:09.494+02:00 DEBUG 14220 --- [UserManagementAPI] [           main] o.h.q.sqm.sql.BaseSqmToSqlAstConverter   : Determining mapping-model type for SqmParameter : org.hibernate.query.sqm.tree.expression.SqmJpaCriteriaParameterWrapper@b1d3434
2025-09-18T20:22:09.494+02:00 DEBUG 14220 --- [UserManagementAPI] [           main] o.h.q.sqm.sql.BaseSqmToSqlAstConverter   : Determining mapping-model type for SqmPath : SqmBasicValuedSimplePath(com.example.usermanagement.model.User(8).email) 
2025-09-18T20:22:09.494+02:00 DEBUG 14220 --- [UserManagementAPI] [           main] org.hibernate.orm.results.graph.AST      : DomainResult Graph:
 \-BasicResult [com.example.usermanagement.model.User(8).id]

2025-09-18T20:22:09.494+02:00 DEBUG 14220 --- [UserManagementAPI] [           main] org.hibernate.orm.sql.ast.tree           : SQL AST Tree:
    SelectStatement {
      FromClause {
        StandardTableGroup (u1 : com.example.usermanagement.model.User(8)) {
          primaryTableReference : users as u1_0
        }
      }
    }

2025-09-18T20:22:09.494+02:00 DEBUG 14220 --- [UserManagementAPI] [           main] org.hibernate.orm.sql.exec               : Skipping reading Query result cache data: cache-enabled = false, cache-mode = NORMAL
2025-09-18T20:22:09.494+02:00 DEBUG 14220 --- [UserManagementAPI] [           main] org.hibernate.SQL                        : select u1_0.id from users u1_0 where u1_0.email=? fetch first ? rows only
Hibernate: select u1_0.id from users u1_0 where u1_0.email=? fetch first ? rows only
2025-09-18T20:22:09.495+02:00 DEBUG 14220 --- [UserManagementAPI] [           main] org.hibernate.orm.results                : Initializer list is empty
2025-09-18T20:22:09.496+02:00 DEBUG 14220 --- [UserManagementAPI] [           main] org.hibernate.orm.sql.ast.create         : Created new SQL alias : r1_0
2025-09-18T20:22:09.496+02:00 DEBUG 14220 --- [UserManagementAPI] [           main] org.hibernate.orm.sql.ast.create         : Registration of TableGroup [StandardTableGroup(com.example.usermanagement.model.Role(2))] with identifierForTableGroup [com.example.usermanagement.model.Role] for NavigablePath [com.example.usermanagement.model.Role] 
2025-09-18T20:22:09.496+02:00 DEBUG 14220 --- [UserManagementAPI] [           main] o.h.q.sqm.sql.BaseSqmToSqlAstConverter   : Determining mapping-model type for SqmParameter : org.hibernate.query.sqm.tree.expression.SqmJpaCriteriaParameterWrapper@2c28414b
2025-09-18T20:22:09.496+02:00 DEBUG 14220 --- [UserManagementAPI] [           main] o.h.q.sqm.sql.BaseSqmToSqlAstConverter   : Determining mapping-model type for SqmPath : SqmBasicValuedSimplePath(com.example.usermanagement.model.Role(2).name) 
2025-09-18T20:22:09.496+02:00 DEBUG 14220 --- [UserManagementAPI] [           main] org.hibernate.orm.results.graph.AST      : DomainResult Graph:
 \-EntityResultImpl [com.example.usermanagement.model.Role(2)]
 |  \-BasicFetch [com.example.usermanagement.model.Role(2).name]

2025-09-18T20:22:09.496+02:00 DEBUG 14220 --- [UserManagementAPI] [           main] org.hibernate.orm.sql.ast.tree           : SQL AST Tree:
    SelectStatement {
      FromClause {
        StandardTableGroup (r1 : com.example.usermanagement.model.Role(2)) {
          primaryTableReference : roles as r1_0
        }
      }
    }

2025-09-18T20:22:09.497+02:00 DEBUG 14220 --- [UserManagementAPI] [           main] org.hibernate.orm.sql.exec               : Skipping reading Query result cache data: cache-enabled = false, cache-mode = NORMAL
2025-09-18T20:22:09.497+02:00 DEBUG 14220 --- [UserManagementAPI] [           main] org.hibernate.SQL                        : select r1_0.id,r1_0.name from roles r1_0 where r1_0.name=?
Hibernate: select r1_0.id,r1_0.name from roles r1_0 where r1_0.name=?
2025-09-18T20:22:09.498+02:00 DEBUG 14220 --- [UserManagementAPI] [           main] org.hibernate.orm.results                : Initializer list:
	  com.example.usermanagement.model.Role(2) -> EntityJoinedFetchInitializer(com.example.usermanagement.model.Role(2))@1799332591 (SingleTableEntityPersister(com.example.usermanagement.model.Role))

2025-09-18T20:22:09.548+02:00 DEBUG 14220 --- [UserManagementAPI] [           main] o.s.orm.jpa.JpaTransactionManager        : Found thread-bound EntityManager [SessionImpl(518361271<open>)] for JPA transaction
2025-09-18T20:22:09.548+02:00 DEBUG 14220 --- [UserManagementAPI] [           main] o.s.orm.jpa.JpaTransactionManager        : Participating in existing transaction
2025-09-18T20:22:09.548+02:00 DEBUG 14220 --- [UserManagementAPI] [           main] o.h.j.internal.PersistenceUnitUtilImpl   : jakarta.persistence.PersistenceUnitUtil.getIdentifier is only intended to work with enhanced entities (although Hibernate also adapts this support to its proxies); however the passed entity was not enhanced (nor a proxy).. may not be able to read identifier
2025-09-18T20:22:09.548+02:00 DEBUG 14220 --- [UserManagementAPI] [           main] org.hibernate.engine.spi.ActionQueue     : Executing identity-insert immediately
2025-09-18T20:22:09.549+02:00 DEBUG 14220 --- [UserManagementAPI] [           main] org.hibernate.SQL                        : insert into users (email,enabled,full_name,password,username) values (?,?,?,?,?)
Hibernate: insert into users (email,enabled,full_name,password,username) values (?,?,?,?,?)
2025-09-18T20:22:09.550+02:00 DEBUG 14220 --- [UserManagementAPI] [           main] org.hibernate.orm.results                : Initializer list is empty
2025-09-18T20:22:09.550+02:00 DEBUG 14220 --- [UserManagementAPI] [           main] o.h.id.IdentifierGeneratorHelper         : Extracted generated values [com.example.usermanagement.model.User]: [Ljava.lang.Object;@5275b8c2
✅ [UserService] User enregistré id=2
🔑 [UserService] Access token généré
2025-09-18T20:22:09.552+02:00 DEBUG 14220 --- [UserManagementAPI] [           main] o.h.e.i.AbstractFlushingEventListener    : Processing flush-time cascades
2025-09-18T20:22:09.552+02:00 DEBUG 14220 --- [UserManagementAPI] [           main] o.h.e.i.AbstractFlushingEventListener    : Dirty checking collections
2025-09-18T20:22:09.552+02:00 DEBUG 14220 --- [UserManagementAPI] [           main] org.hibernate.orm.sql.ast.create         : Created new SQL alias : rt1_0
2025-09-18T20:22:09.552+02:00 DEBUG 14220 --- [UserManagementAPI] [           main] org.hibernate.orm.sql.ast.create         : Registration of TableGroup [StandardTableGroup(com.example.usermanagement.model.RefreshToken(16))] with identifierForTableGroup [com.example.usermanagement.model.RefreshToken] for NavigablePath [com.example.usermanagement.model.RefreshToken] 
2025-09-18T20:22:09.552+02:00 DEBUG 14220 --- [UserManagementAPI] [           main] org.hibernate.orm.sql.ast.create         : Registration of TableGroup [org.hibernate.sql.ast.tree.from.LazyTableGroup@462d4f3c] with identifierForTableGroup [com.example.usermanagement.model.RefreshToken(16).user] for NavigablePath [com.example.usermanagement.model.RefreshToken(16).user] 
2025-09-18T20:22:09.552+02:00 DEBUG 14220 --- [UserManagementAPI] [           main] org.hibernate.orm.sql.ast.create         : Registration of TableGroup [org.hibernate.sql.ast.tree.from.LazyTableGroup@5002aa66] with identifierForTableGroup [com.example.usermanagement.model.RefreshToken(16).user] for NavigablePath [com.example.usermanagement.model.RefreshToken(16).user] 
2025-09-18T20:22:09.552+02:00 DEBUG 14220 --- [UserManagementAPI] [           main] org.hibernate.orm.sql.ast.create         : Registration of TableGroup [org.hibernate.sql.ast.tree.from.LazyTableGroup@5002aa66] for NavigablePath [com.example.usermanagement.model.RefreshToken(16).user] overrode previous registration : org.hibernate.sql.ast.tree.from.LazyTableGroup@462d4f3c
2025-09-18T20:22:09.552+02:00 DEBUG 14220 --- [UserManagementAPI] [           main] o.h.q.sqm.sql.BaseSqmToSqlAstConverter   : Determining mapping-model type for SqmParameter : org.hibernate.query.sqm.tree.expression.JpaCriteriaParameter@6a5f9cdb
2025-09-18T20:22:09.552+02:00 DEBUG 14220 --- [UserManagementAPI] [           main] o.h.q.sqm.sql.BaseSqmToSqlAstConverter   : Determining mapping-model type for SqmParameter : org.hibernate.query.sqm.tree.expression.SqmJpaCriteriaParameterWrapper@6dd55493
2025-09-18T20:22:09.552+02:00 DEBUG 14220 --- [UserManagementAPI] [           main] o.h.q.sqm.sql.BaseSqmToSqlAstConverter   : Determining mapping-model type for SqmPath : SqmEntityValuedSimplePath(com.example.usermanagement.model.RefreshToken(16).user) 
2025-09-18T20:22:09.552+02:00 DEBUG 14220 --- [UserManagementAPI] [           main] org.hibernate.orm.results.graph.AST      : DomainResult Graph:
 \-EntityResultImpl [com.example.usermanagement.model.RefreshToken(16)]
 |  +-BasicFetch [com.example.usermanagement.model.RefreshToken(16).expiryDate]
 |  +-BasicFetch [com.example.usermanagement.model.RefreshToken(16).token]
 |  \-CircularFetchImpl [com.example.usermanagement.model.RefreshToken(16).user]

2025-09-18T20:22:09.552+02:00 DEBUG 14220 --- [UserManagementAPI] [           main] org.hibernate.orm.sql.ast.tree           : SQL AST Tree:
    SelectStatement {
      FromClause {
        StandardTableGroup (rt1 : com.example.usermanagement.model.RefreshToken(16)) {
          primaryTableReference : refresh_tokens as rt1_0
          TableGroupJoins {
            left  join LazyTableGroup (u1 : com.example.usermanagement.model.RefreshToken(16).user) {
            }
             join LazyTableGroup (u2 : com.example.usermanagement.model.RefreshToken(16).user) {
            }
          }
        }
      }
    }

2025-09-18T20:22:09.552+02:00 DEBUG 14220 --- [UserManagementAPI] [           main] o.hibernate.engine.internal.Collections  : Collection found: [com.example.usermanagement.model.User.refreshTokens#2], was: [<unreferenced>] (initialized)
2025-09-18T20:22:09.552+02:00 DEBUG 14220 --- [UserManagementAPI] [           main] o.hibernate.engine.internal.Collections  : Collection found: [com.example.usermanagement.model.User.roles#2], was: [<unreferenced>] (initialized)
2025-09-18T20:22:09.552+02:00 DEBUG 14220 --- [UserManagementAPI] [           main] o.h.e.i.AbstractFlushingEventListener    : Flushed: 0 insertions, 0 updates, 0 deletions to 2 objects
2025-09-18T20:22:09.552+02:00 DEBUG 14220 --- [UserManagementAPI] [           main] o.h.e.i.AbstractFlushingEventListener    : Flushed: 2 (re)creations, 0 updates, 0 removals to 2 collections
2025-09-18T20:22:09.552+02:00 DEBUG 14220 --- [UserManagementAPI] [           main] o.hibernate.internal.util.EntityPrinter  : Listing entities:
2025-09-18T20:22:09.552+02:00 DEBUG 14220 --- [UserManagementAPI] [           main] o.hibernate.internal.util.EntityPrinter  : com.example.usermanagement.model.User{password=$2a$10$LFr2kCXKafm5LEdslQp3rOjmd7jLO1daa6hutWYqYWtdaxM.ECtWm, refreshTokens=[], roles=[com.example.usermanagement.model.Role#1], fullName=Bob Example, id=2, email=bob@example.com, enabled=true, username=bob}
2025-09-18T20:22:09.552+02:00 DEBUG 14220 --- [UserManagementAPI] [           main] o.hibernate.internal.util.EntityPrinter  : com.example.usermanagement.model.Role{name=ROLE_USER, id=1}
2025-09-18T20:22:09.552+02:00 DEBUG 14220 --- [UserManagementAPI] [           main] org.hibernate.engine.spi.ActionQueue     : Changes must be flushed to space: refresh_tokens
2025-09-18T20:22:09.552+02:00 DEBUG 14220 --- [UserManagementAPI] [           main] org.hibernate.orm.jdbc.mutation          : Inserting collection rows - com.example.usermanagement.model.User.roles : 2
2025-09-18T20:22:09.552+02:00 DEBUG 14220 --- [UserManagementAPI] [           main] org.hibernate.SQL                        : insert into user_roles (user_id,role_id) values (?,?)
Hibernate: insert into user_roles (user_id,role_id) values (?,?)
2025-09-18T20:22:09.555+02:00 DEBUG 14220 --- [UserManagementAPI] [           main] org.hibernate.orm.jdbc.mutation          : Done inserting `1` collection rows : com.example.usermanagement.model.User.roles
2025-09-18T20:22:09.555+02:00 DEBUG 14220 --- [UserManagementAPI] [           main] org.hibernate.orm.sql.exec               : Skipping reading Query result cache data: cache-enabled = false, cache-mode = NORMAL
2025-09-18T20:22:09.555+02:00 DEBUG 14220 --- [UserManagementAPI] [           main] org.hibernate.SQL                        : select rt1_0.id,rt1_0.expiry_date,rt1_0.token,rt1_0.user_id from refresh_tokens rt1_0 where rt1_0.user_id=?
Hibernate: select rt1_0.id,rt1_0.expiry_date,rt1_0.token,rt1_0.user_id from refresh_tokens rt1_0 where rt1_0.user_id=?
2025-09-18T20:22:09.556+02:00 DEBUG 14220 --- [UserManagementAPI] [           main] org.hibernate.orm.results                : Initializer list:
	  com.example.usermanagement.model.RefreshToken(16) -> EntityJoinedFetchInitializer(com.example.usermanagement.model.RefreshToken(16))@1949128502 (SingleTableEntityPersister(com.example.usermanagement.model.RefreshToken))
	  com.example.usermanagement.model.RefreshToken(16).user -> EntityDelayedFetchInitializer(com.example.usermanagement.model.RefreshToken(16).user)@31523331 (ToOneAttributeMapping(NavigableRole[com.example.usermanagement.model.RefreshToken.user])@524851591)

2025-09-18T20:22:09.557+02:00 DEBUG 14220 --- [UserManagementAPI] [           main] o.s.orm.jpa.JpaTransactionManager        : Found thread-bound EntityManager [SessionImpl(518361271<open>)] for JPA transaction
2025-09-18T20:22:09.557+02:00 DEBUG 14220 --- [UserManagementAPI] [           main] o.s.orm.jpa.JpaTransactionManager        : Participating in existing transaction
2025-09-18T20:22:09.557+02:00 DEBUG 14220 --- [UserManagementAPI] [           main] o.h.j.internal.PersistenceUnitUtilImpl   : jakarta.persistence.PersistenceUnitUtil.getIdentifier is only intended to work with enhanced entities (although Hibernate also adapts this support to its proxies); however the passed entity was not enhanced (nor a proxy).. may not be able to read identifier
2025-09-18T20:22:09.557+02:00 DEBUG 14220 --- [UserManagementAPI] [           main] org.hibernate.engine.spi.ActionQueue     : Executing identity-insert immediately
2025-09-18T20:22:09.557+02:00 DEBUG 14220 --- [UserManagementAPI] [           main] org.hibernate.SQL                        : insert into refresh_tokens (expiry_date,token,user_id) values (?,?,?)
Hibernate: insert into refresh_tokens (expiry_date,token,user_id) values (?,?,?)
2025-09-18T20:22:09.558+02:00 DEBUG 14220 --- [UserManagementAPI] [           main] org.hibernate.orm.results                : Initializer list is empty
2025-09-18T20:22:09.558+02:00 DEBUG 14220 --- [UserManagementAPI] [           main] o.h.id.IdentifierGeneratorHelper         : Extracted generated values [com.example.usermanagement.model.RefreshToken]: [Ljava.lang.Object;@2ddcede5
🔄 [UserService] Refresh token généré
2025-09-18T20:22:09.559+02:00 DEBUG 14220 --- [UserManagementAPI] [           main] o.s.orm.jpa.JpaTransactionManager        : Initiating transaction commit
2025-09-18T20:22:09.559+02:00 DEBUG 14220 --- [UserManagementAPI] [           main] o.s.orm.jpa.JpaTransactionManager        : Committing JPA transaction on EntityManager [SessionImpl(518361271<open>)]
2025-09-18T20:22:09.559+02:00 DEBUG 14220 --- [UserManagementAPI] [           main] o.h.e.t.internal.TransactionImpl         : committing
2025-09-18T20:22:09.559+02:00 DEBUG 14220 --- [UserManagementAPI] [           main] o.h.e.i.AbstractFlushingEventListener    : Processing flush-time cascades
2025-09-18T20:22:09.559+02:00 DEBUG 14220 --- [UserManagementAPI] [           main] o.h.e.i.AbstractFlushingEventListener    : Dirty checking collections
2025-09-18T20:22:09.559+02:00 DEBUG 14220 --- [UserManagementAPI] [           main] o.hibernate.engine.internal.Collections  : Collection found: [com.example.usermanagement.model.User.refreshTokens#2], was: [com.example.usermanagement.model.User.refreshTokens#2] (initialized)
2025-09-18T20:22:09.559+02:00 DEBUG 14220 --- [UserManagementAPI] [           main] o.hibernate.engine.internal.Collections  : Collection found: [com.example.usermanagement.model.User.roles#2], was: [com.example.usermanagement.model.User.roles#2] (initialized)
2025-09-18T20:22:09.559+02:00 DEBUG 14220 --- [UserManagementAPI] [           main] o.h.e.i.AbstractFlushingEventListener    : Flushed: 0 insertions, 0 updates, 0 deletions to 3 objects
2025-09-18T20:22:09.559+02:00 DEBUG 14220 --- [UserManagementAPI] [           main] o.h.e.i.AbstractFlushingEventListener    : Flushed: 0 (re)creations, 0 updates, 0 removals to 2 collections
2025-09-18T20:22:09.559+02:00 DEBUG 14220 --- [UserManagementAPI] [           main] o.hibernate.internal.util.EntityPrinter  : Listing entities:
2025-09-18T20:22:09.559+02:00 DEBUG 14220 --- [UserManagementAPI] [           main] o.hibernate.internal.util.EntityPrinter  : com.example.usermanagement.model.RefreshToken{expiryDate=2025-09-25T18:22:09.556909400Z, id=2, user=com.example.usermanagement.model.User#2, token=a01d58e8-3543-4964-9ff3-75d0e5635ff3}
2025-09-18T20:22:09.559+02:00 DEBUG 14220 --- [UserManagementAPI] [           main] o.hibernate.internal.util.EntityPrinter  : com.example.usermanagement.model.User{password=$2a$10$LFr2kCXKafm5LEdslQp3rOjmd7jLO1daa6hutWYqYWtdaxM.ECtWm, refreshTokens=[], roles=[com.example.usermanagement.model.Role#1], fullName=Bob Example, id=2, email=bob@example.com, enabled=true, username=bob}
2025-09-18T20:22:09.559+02:00 DEBUG 14220 --- [UserManagementAPI] [           main] o.hibernate.internal.util.EntityPrinter  : com.example.usermanagement.model.Role{name=ROLE_USER, id=1}
2025-09-18T20:22:09.560+02:00 DEBUG 14220 --- [UserManagementAPI] [           main] o.s.orm.jpa.JpaTransactionManager        : Not closing pre-bound JPA EntityManager after transaction
2025-09-18T20:22:09.561+02:00 DEBUG 14220 --- [UserManagementAPI] [           main] o.s.w.s.m.m.a.HttpEntityMethodProcessor  : Using 'application/json', given [*/*] and supported [application/json, application/*+json]
2025-09-18T20:22:09.561+02:00 DEBUG 14220 --- [UserManagementAPI] [           main] o.s.w.s.m.m.a.HttpEntityMethodProcessor  : Writing [AuthResponse(accessToken=eyJhbGciOiJIUzUxMiJ9.eyJzdWIiOiJib2IiLCJpYXQiOjE3NTgyMTk3MjksImV4cCI6MTc1OD (truncated)...]
2025-09-18T20:22:09.562+02:00 DEBUG 14220 --- [UserManagementAPI] [           main] o.j.s.OpenEntityManagerInViewInterceptor : Closing JPA EntityManager in OpenEntityManagerInViewInterceptor
2025-09-18T20:22:09.562+02:00 DEBUG 14220 --- [UserManagementAPI] [           main] o.s.t.web.servlet.TestDispatcherServlet  : Completed 201 CREATED
2025-09-18T20:22:09.562+02:00 DEBUG 14220 --- [UserManagementAPI] [           main] o.s.s.w.a.AnonymousAuthenticationFilter  : Set SecurityContextHolder to anonymous SecurityContext
2025-09-18T20:22:09.563+02:00 DEBUG 14220 --- [UserManagementAPI] [           main] org.springframework.test.context.cache   : Spring test ApplicationContext cache statistics: [DefaultContextCache@33f42420 size = 3, maxSize = 32, parentContextCount = 0, hitCount = 168, missCount = 5, failureCount = 1]
2025-09-18T20:22:09.564+02:00 DEBUG 14220 --- [UserManagementAPI] [           main] o.s.security.web.FilterChainProxy        : Securing POST /users/login
2025-09-18T20:22:09.564+02:00 DEBUG 14220 --- [UserManagementAPI] [           main] o.s.security.web.FilterChainProxy        : Secured POST /users/login
2025-09-18T20:22:09.564+02:00 DEBUG 14220 --- [UserManagementAPI] [           main] o.s.t.web.servlet.TestDispatcherServlet  : POST "/users/login", parameters={}
2025-09-18T20:22:09.564+02:00 DEBUG 14220 --- [UserManagementAPI] [           main] s.w.s.m.m.a.RequestMappingHandlerMapping : Mapped to com.example.usermanagement.controller.UserController#login(LoginRequest)
2025-09-18T20:22:09.564+02:00 DEBUG 14220 --- [UserManagementAPI] [           main] o.j.s.OpenEntityManagerInViewInterceptor : Opening JPA EntityManager in OpenEntityManagerInViewInterceptor
2025-09-18T20:22:09.565+02:00 DEBUG 14220 --- [UserManagementAPI] [           main] m.m.a.RequestResponseBodyMethodProcessor : Read "application/json;charset=UTF-8" to [com.example.usermanagement.dto.LoginRequest@31f7fbec]
2025-09-18T20:22:09.566+02:00  INFO 14220 --- [UserManagementAPI] [           main] c.e.u.controller.UserController          : Tentative de connexion pour l'utilisateur : bob
➡️ [UserService] Login user=bob
2025-09-18T20:22:09.617+02:00 DEBUG 14220 --- [UserManagementAPI] [           main] org.hibernate.orm.sql.ast.create         : Created new SQL alias : u1_0
2025-09-18T20:22:09.617+02:00 DEBUG 14220 --- [UserManagementAPI] [           main] org.hibernate.orm.sql.ast.create         : Registration of TableGroup [StandardTableGroup(com.example.usermanagement.model.User(10))] with identifierForTableGroup [com.example.usermanagement.model.User] for NavigablePath [com.example.usermanagement.model.User] 
2025-09-18T20:22:09.617+02:00 DEBUG 14220 --- [UserManagementAPI] [           main] o.h.q.sqm.sql.BaseSqmToSqlAstConverter   : Determining mapping-model type for SqmParameter : org.hibernate.query.sqm.tree.expression.SqmJpaCriteriaParameterWrapper@7e349cc3
2025-09-18T20:22:09.617+02:00 DEBUG 14220 --- [UserManagementAPI] [           main] o.h.q.sqm.sql.BaseSqmToSqlAstConverter   : Determining mapping-model type for SqmPath : SqmBasicValuedSimplePath(com.example.usermanagement.model.User(10).username) 
2025-09-18T20:22:09.617+02:00 DEBUG 14220 --- [UserManagementAPI] [           main] org.hibernate.orm.results.graph.AST      : DomainResult Graph:
 \-EntityResultImpl [com.example.usermanagement.model.User(10)]
 |  +-BasicFetch [com.example.usermanagement.model.User(10).email]
 |  +-BasicFetch [com.example.usermanagement.model.User(10).enabled]
 |  +-BasicFetch [com.example.usermanagement.model.User(10).fullName]
 |  +-BasicFetch [com.example.usermanagement.model.User(10).password]
 |  +-DelayedCollectionFetch [com.example.usermanagement.model.User(10).refreshTokens]
 |  +-SelectEagerCollectionFetch [com.example.usermanagement.model.User(10).roles]
 |  \-BasicFetch [com.example.usermanagement.model.User(10).username]

2025-09-18T20:22:09.617+02:00 DEBUG 14220 --- [UserManagementAPI] [           main] org.hibernate.orm.sql.ast.tree           : SQL AST Tree:
    SelectStatement {
      FromClause {
        StandardTableGroup (u1 : com.example.usermanagement.model.User(10)) {
          primaryTableReference : users as u1_0
        }
      }
    }

2025-09-18T20:22:09.618+02:00 DEBUG 14220 --- [UserManagementAPI] [           main] org.hibernate.orm.sql.exec               : Skipping reading Query result cache data: cache-enabled = false, cache-mode = NORMAL
2025-09-18T20:22:09.618+02:00 DEBUG 14220 --- [UserManagementAPI] [           main] org.hibernate.SQL                        : select u1_0.id,u1_0.email,u1_0.enabled,u1_0.full_name,u1_0.password,u1_0.username from users u1_0 where u1_0.username=?
Hibernate: select u1_0.id,u1_0.email,u1_0.enabled,u1_0.full_name,u1_0.password,u1_0.username from users u1_0 where u1_0.username=?
2025-09-18T20:22:09.619+02:00 DEBUG 14220 --- [UserManagementAPI] [           main] org.hibernate.orm.results                : Initializer list:
	  com.example.usermanagement.model.User(10).roles -> SelectEagerCollectionInitializer(com.example.usermanagement.model.User(10).roles)@600944627 (PluralAttribute(com.example.usermanagement.model.User.roles))
	  com.example.usermanagement.model.User(10).refreshTokens -> DelayedCollectionInitializer(com.example.usermanagement.model.User(10).refreshTokens)@1266186624 (PluralAttribute(com.example.usermanagement.model.User.refreshTokens))
	  com.example.usermanagement.model.User(10) -> EntityJoinedFetchInitializer(com.example.usermanagement.model.User(10))@1678865561 (SingleTableEntityPersister(com.example.usermanagement.model.User))

2025-09-18T20:22:09.619+02:00 DEBUG 14220 --- [UserManagementAPI] [           main] org.hibernate.orm.sql.exec               : Skipping reading Query result cache data: cache-enabled = false, cache-mode = IGNORE
2025-09-18T20:22:09.619+02:00 DEBUG 14220 --- [UserManagementAPI] [           main] org.hibernate.SQL                        : select r1_0.user_id,r1_1.id,r1_1.name from user_roles r1_0 join roles r1_1 on r1_1.id=r1_0.role_id where r1_0.user_id=?
Hibernate: select r1_0.user_id,r1_1.id,r1_1.name from user_roles r1_0 join roles r1_1 on r1_1.id=r1_0.role_id where r1_0.user_id=?
2025-09-18T20:22:09.621+02:00 DEBUG 14220 --- [UserManagementAPI] [           main] org.hibernate.orm.results                : Initializer list:
	  com.example.usermanagement.model.User.roles -> SetInitializer(com.example.usermanagement.model.User.roles)@807361199 (PluralAttribute(com.example.usermanagement.model.User.roles))
	  com.example.usermanagement.model.User.roles.{element} -> EntityJoinedFetchInitializer(com.example.usermanagement.model.User.roles.{element})@1417082490 (EntityCollectionPart(com.example.usermanagement.model.User.roles#{element})@256311286)

2025-09-18T20:22:09.621+02:00 DEBUG 14220 --- [UserManagementAPI] [           main] o.h.sql.results.internal.ResultsHelper   : Collection fully initialized: [com.example.usermanagement.model.User.roles#2]
2025-09-18T20:22:09.671+02:00 DEBUG 14220 --- [UserManagementAPI] [           main] o.s.s.a.dao.DaoAuthenticationProvider    : Authenticated user
2025-09-18T20:22:09.672+02:00 DEBUG 14220 --- [UserManagementAPI] [           main] org.hibernate.orm.sql.ast.create         : Created new SQL alias : u1_0
2025-09-18T20:22:09.672+02:00 DEBUG 14220 --- [UserManagementAPI] [           main] org.hibernate.orm.sql.ast.create         : Registration of TableGroup [StandardTableGroup(com.example.usermanagement.model.User(10))] with identifierForTableGroup [com.example.usermanagement.model.User] for NavigablePath [com.example.usermanagement.model.User] 
2025-09-18T20:22:09.672+02:00 DEBUG 14220 --- [UserManagementAPI] [           main] o.h.q.sqm.sql.BaseSqmToSqlAstConverter   : Determining mapping-model type for SqmParameter : org.hibernate.query.sqm.tree.expression.SqmJpaCriteriaParameterWrapper@4b238e69
2025-09-18T20:22:09.672+02:00 DEBUG 14220 --- [UserManagementAPI] [           main] o.h.q.sqm.sql.BaseSqmToSqlAstConverter   : Determining mapping-model type for SqmPath : SqmBasicValuedSimplePath(com.example.usermanagement.model.User(10).username) 
2025-09-18T20:22:09.672+02:00 DEBUG 14220 --- [UserManagementAPI] [           main] org.hibernate.orm.results.graph.AST      : DomainResult Graph:
 \-EntityResultImpl [com.example.usermanagement.model.User(10)]
 |  +-BasicFetch [com.example.usermanagement.model.User(10).email]
 |  +-BasicFetch [com.example.usermanagement.model.User(10).enabled]
 |  +-BasicFetch [com.example.usermanagement.model.User(10).fullName]
 |  +-BasicFetch [com.example.usermanagement.model.User(10).password]
 |  +-DelayedCollectionFetch [com.example.usermanagement.model.User(10).refreshTokens]
 |  +-SelectEagerCollectionFetch [com.example.usermanagement.model.User(10).roles]
 |  \-BasicFetch [com.example.usermanagement.model.User(10).username]

2025-09-18T20:22:09.673+02:00 DEBUG 14220 --- [UserManagementAPI] [           main] org.hibernate.orm.sql.ast.tree           : SQL AST Tree:
    SelectStatement {
      FromClause {
        StandardTableGroup (u1 : com.example.usermanagement.model.User(10)) {
          primaryTableReference : users as u1_0
        }
      }
    }

2025-09-18T20:22:09.673+02:00 DEBUG 14220 --- [UserManagementAPI] [           main] org.hibernate.orm.sql.exec               : Skipping reading Query result cache data: cache-enabled = false, cache-mode = NORMAL
2025-09-18T20:22:09.673+02:00 DEBUG 14220 --- [UserManagementAPI] [           main] org.hibernate.SQL                        : select u1_0.id,u1_0.email,u1_0.enabled,u1_0.full_name,u1_0.password,u1_0.username from users u1_0 where u1_0.username=?
Hibernate: select u1_0.id,u1_0.email,u1_0.enabled,u1_0.full_name,u1_0.password,u1_0.username from users u1_0 where u1_0.username=?
2025-09-18T20:22:09.674+02:00 DEBUG 14220 --- [UserManagementAPI] [           main] org.hibernate.orm.results                : Initializer list:
	  com.example.usermanagement.model.User(10).roles -> SelectEagerCollectionInitializer(com.example.usermanagement.model.User(10).roles)@1588113724 (PluralAttribute(com.example.usermanagement.model.User.roles))
	  com.example.usermanagement.model.User(10).refreshTokens -> DelayedCollectionInitializer(com.example.usermanagement.model.User(10).refreshTokens)@1789380294 (PluralAttribute(com.example.usermanagement.model.User.refreshTokens))
	  com.example.usermanagement.model.User(10) -> EntityJoinedFetchInitializer(com.example.usermanagement.model.User(10))@1062170826 (SingleTableEntityPersister(com.example.usermanagement.model.User))

✅ [UserService] Authentifié id=2
2025-09-18T20:22:09.675+02:00 DEBUG 14220 --- [UserManagementAPI] [           main] org.hibernate.orm.sql.ast.create         : Created new SQL alias : rt1_0
2025-09-18T20:22:09.675+02:00 DEBUG 14220 --- [UserManagementAPI] [           main] org.hibernate.orm.sql.ast.create         : Registration of TableGroup [StandardTableGroup(com.example.usermanagement.model.RefreshToken(16))] with identifierForTableGroup [com.example.usermanagement.model.RefreshToken] for NavigablePath [com.example.usermanagement.model.RefreshToken] 
2025-09-18T20:22:09.675+02:00 DEBUG 14220 --- [UserManagementAPI] [           main] org.hibernate.orm.sql.ast.create         : Registration of TableGroup [org.hibernate.sql.ast.tree.from.LazyTableGroup@69519536] with identifierForTableGroup [com.example.usermanagement.model.RefreshToken(16).user] for NavigablePath [com.example.usermanagement.model.RefreshToken(16).user] 
2025-09-18T20:22:09.675+02:00 DEBUG 14220 --- [UserManagementAPI] [           main] org.hibernate.orm.sql.ast.create         : Registration of TableGroup [org.hibernate.sql.ast.tree.from.LazyTableGroup@62408c4] with identifierForTableGroup [com.example.usermanagement.model.RefreshToken(16).user] for NavigablePath [com.example.usermanagement.model.RefreshToken(16).user] 
2025-09-18T20:22:09.675+02:00 DEBUG 14220 --- [UserManagementAPI] [           main] org.hibernate.orm.sql.ast.create         : Registration of TableGroup [org.hibernate.sql.ast.tree.from.LazyTableGroup@62408c4] for NavigablePath [com.example.usermanagement.model.RefreshToken(16).user] overrode previous registration : org.hibernate.sql.ast.tree.from.LazyTableGroup@69519536
2025-09-18T20:22:09.675+02:00 DEBUG 14220 --- [UserManagementAPI] [           main] o.h.q.sqm.sql.BaseSqmToSqlAstConverter   : Determining mapping-model type for SqmParameter : org.hibernate.query.sqm.tree.expression.JpaCriteriaParameter@6a5f9cdb
2025-09-18T20:22:09.675+02:00 DEBUG 14220 --- [UserManagementAPI] [           main] o.h.q.sqm.sql.BaseSqmToSqlAstConverter   : Determining mapping-model type for SqmParameter : org.hibernate.query.sqm.tree.expression.SqmJpaCriteriaParameterWrapper@42f623e1
2025-09-18T20:22:09.675+02:00 DEBUG 14220 --- [UserManagementAPI] [           main] o.h.q.sqm.sql.BaseSqmToSqlAstConverter   : Determining mapping-model type for SqmPath : SqmEntityValuedSimplePath(com.example.usermanagement.model.RefreshToken(16).user) 
2025-09-18T20:22:09.675+02:00 DEBUG 14220 --- [UserManagementAPI] [           main] org.hibernate.orm.results.graph.AST      : DomainResult Graph:
 \-EntityResultImpl [com.example.usermanagement.model.RefreshToken(16)]
 |  +-BasicFetch [com.example.usermanagement.model.RefreshToken(16).expiryDate]
 |  +-BasicFetch [com.example.usermanagement.model.RefreshToken(16).token]
 |  \-CircularFetchImpl [com.example.usermanagement.model.RefreshToken(16).user]

2025-09-18T20:22:09.675+02:00 DEBUG 14220 --- [UserManagementAPI] [           main] org.hibernate.orm.sql.ast.tree           : SQL AST Tree:
    SelectStatement {
      FromClause {
        StandardTableGroup (rt1 : com.example.usermanagement.model.RefreshToken(16)) {
          primaryTableReference : refresh_tokens as rt1_0
          TableGroupJoins {
            left  join LazyTableGroup (u1 : com.example.usermanagement.model.RefreshToken(16).user) {
            }
             join LazyTableGroup (u2 : com.example.usermanagement.model.RefreshToken(16).user) {
            }
          }
        }
      }
    }

2025-09-18T20:22:09.675+02:00 DEBUG 14220 --- [UserManagementAPI] [           main] org.hibernate.orm.sql.exec               : Skipping reading Query result cache data: cache-enabled = false, cache-mode = NORMAL
2025-09-18T20:22:09.675+02:00 DEBUG 14220 --- [UserManagementAPI] [           main] org.hibernate.SQL                        : select rt1_0.id,rt1_0.expiry_date,rt1_0.token,rt1_0.user_id from refresh_tokens rt1_0 where rt1_0.user_id=?
Hibernate: select rt1_0.id,rt1_0.expiry_date,rt1_0.token,rt1_0.user_id from refresh_tokens rt1_0 where rt1_0.user_id=?
2025-09-18T20:22:09.677+02:00 DEBUG 14220 --- [UserManagementAPI] [           main] org.hibernate.orm.results                : Initializer list:
	  com.example.usermanagement.model.RefreshToken(16) -> EntityJoinedFetchInitializer(com.example.usermanagement.model.RefreshToken(16))@1753295452 (SingleTableEntityPersister(com.example.usermanagement.model.RefreshToken))
	  com.example.usermanagement.model.RefreshToken(16).user -> EntityDelayedFetchInitializer(com.example.usermanagement.model.RefreshToken(16).user)@1810547980 (ToOneAttributeMapping(NavigableRole[com.example.usermanagement.model.RefreshToken.user])@524851591)

2025-09-18T20:22:09.677+02:00 DEBUG 14220 --- [UserManagementAPI] [           main] o.h.e.t.internal.TransactionImpl         : On TransactionImpl creation, JpaCompliance#isJpaTransactionComplianceEnabled == false
2025-09-18T20:22:09.678+02:00 DEBUG 14220 --- [UserManagementAPI] [           main] .m.m.a.ExceptionHandlerExceptionResolver : Using @ExceptionHandler com.example.usermanagement.exceptions.GlobalExceptionHandler#handleGenericException(Exception, HttpServletRequest)
2025-09-18T20:22:09.679+02:00 DEBUG 14220 --- [UserManagementAPI] [           main] o.s.w.s.m.m.a.HttpEntityMethodProcessor  : Using 'application/json', given [*/*] and supported [application/json, application/*+json]
2025-09-18T20:22:09.680+02:00 DEBUG 14220 --- [UserManagementAPI] [           main] o.s.w.s.m.m.a.HttpEntityMethodProcessor  : Writing [com.example.usermanagement.dto.ErrorResponse@60bf9e2b]
2025-09-18T20:22:09.680+02:00 DEBUG 14220 --- [UserManagementAPI] [           main] .m.m.a.ExceptionHandlerExceptionResolver : Resolved [org.springframework.dao.InvalidDataAccessApiUsageException: No EntityManager with actual transaction available for current thread - cannot reliably process 'remove' call]
2025-09-18T20:22:09.680+02:00 DEBUG 14220 --- [UserManagementAPI] [           main] o.j.s.OpenEntityManagerInViewInterceptor : Closing JPA EntityManager in OpenEntityManagerInViewInterceptor
2025-09-18T20:22:09.680+02:00 DEBUG 14220 --- [UserManagementAPI] [           main] o.s.t.web.servlet.TestDispatcherServlet  : Completed 500 INTERNAL_SERVER_ERROR
2025-09-18T20:22:09.680+02:00 DEBUG 14220 --- [UserManagementAPI] [           main] o.s.s.w.a.AnonymousAuthenticationFilter  : Set SecurityContextHolder to anonymous SecurityContext
2025-09-18T20:22:09.681+02:00 DEBUG 14220 --- [UserManagementAPI] [           main] org.springframework.test.context.cache   : Spring test ApplicationContext cache statistics: [DefaultContextCache@33f42420 size = 3, maxSize = 32, parentContextCount = 0, hitCount = 169, missCount = 5, failureCount = 1]
2025-09-18T20:22:09.681+02:00 DEBUG 14220 --- [UserManagementAPI] [           main] org.springframework.test.context.cache   : Spring test ApplicationContext cache statistics: [DefaultContextCache@33f42420 size = 3, maxSize = 32, parentContextCount = 0, hitCount = 170, missCount = 5, failureCount = 1]
2025-09-18T20:22:09.682+02:00 DEBUG 14220 --- [UserManagementAPI] [           main] org.springframework.test.context.cache   : Spring test ApplicationContext cache statistics: [DefaultContextCache@33f42420 size = 3, maxSize = 32, parentContextCount = 0, hitCount = 171, missCount = 5, failureCount = 1]
2025-09-18T20:22:09.682+02:00 DEBUG 14220 --- [UserManagementAPI] [           main] org.springframework.test.context.cache   : Spring test ApplicationContext cache statistics: [DefaultContextCache@33f42420 size = 3, maxSize = 32, parentContextCount = 0, hitCount = 172, missCount = 5, failureCount = 1]

MockHttpServletRequest:
      HTTP Method = POST
      Request URI = /users/register
       Parameters = {}
          Headers = [Content-Type:"application/json;charset=UTF-8", Content-Length:"105"]
             Body = {"fullName":"Bob Example","username":"bob","password":"secure123","email":"bob@example.com","roles":null}
    Session Attrs = {}

Handler:
             Type = com.example.usermanagement.controller.UserController
           Method = com.example.usermanagement.controller.UserController#register(RegisterRequest)

Async:
    Async started = false
     Async result = null

Resolved Exception:
             Type = null

ModelAndView:
        View name = null
             View = null
            Model = null

FlashMap:
       Attributes = null

MockHttpServletResponse:
           Status = 201
    Error message = null
          Headers = [Vary:"Origin", "Access-Control-Request-Method", "Access-Control-Request-Headers", Content-Type:"application/json", X-Content-Type-Options:"nosniff", X-XSS-Protection:"0", Cache-Control:"no-cache, no-store, max-age=0, must-revalidate", Pragma:"no-cache", Expires:"0", X-Frame-Options:"DENY"]
     Content type = application/json
             Body = {"accessToken":"eyJhbGciOiJIUzUxMiJ9.eyJzdWIiOiJib2IiLCJpYXQiOjE3NTgyMTk3MjksImV4cCI6MTc1ODIyMzMyOX0.Q6vVcIKcCmcEp6myR4PmRrXmKe2OwGz6LXpJizeVEEUiWHABcoKw_IQGrMf5c2bXK5MpWC6_QEeNEh_w8R0U2A","refreshToken":"a01d58e8-3543-4964-9ff3-75d0e5635ff3"}
    Forwarded URL = null
   Redirected URL = null
          Cookies = []

MockHttpServletRequest:
      HTTP Method = POST
      Request URI = /users/login
       Parameters = {}
          Headers = [Content-Type:"application/json;charset=UTF-8", Content-Length:"41"]
             Body = {"username":"bob","password":"secure123"}
    Session Attrs = {}

Handler:
             Type = com.example.usermanagement.controller.UserController
           Method = com.example.usermanagement.controller.UserController#login(LoginRequest)

Async:
    Async started = false
     Async result = null

Resolved Exception:
             Type = org.springframework.dao.InvalidDataAccessApiUsageException

ModelAndView:
        View name = null
             View = null
            Model = null

FlashMap:
       Attributes = null

MockHttpServletResponse:
           Status = 500
    Error message = null
          Headers = [Vary:"Origin", "Access-Control-Request-Method", "Access-Control-Request-Headers", Content-Type:"application/json", X-Content-Type-Options:"nosniff", X-XSS-Protection:"0", Cache-Control:"no-cache, no-store, max-age=0, must-revalidate", Pragma:"no-cache", Expires:"0", X-Frame-Options:"DENY"]
     Content type = application/json
             Body = {"timestamp":"2025-09-18T20:22:09.6787099","status":500,"error":"Internal Server Error","message":"An unexpected error occurred","path":"/users/login"}
    Forwarded URL = null
   Redirected URL = null
          Cookies = []
2025-09-18T20:22:09.682+02:00 DEBUG 14220 --- [UserManagementAPI] [           main] org.springframework.test.context.cache   : Spring test ApplicationContext cache statistics: [DefaultContextCache@33f42420 size = 3, maxSize = 32, parentContextCount = 0, hitCount = 173, missCount = 5, failureCount = 1]
2025-09-18T20:22:09.682+02:00 DEBUG 14220 --- [UserManagementAPI] [           main] org.springframework.test.context.cache   : Spring test ApplicationContext cache statistics: [DefaultContextCache@33f42420 size = 3, maxSize = 32, parentContextCount = 0, hitCount = 174, missCount = 5, failureCount = 1]
2025-09-18T20:22:09.683+02:00 DEBUG 14220 --- [UserManagementAPI] [           main] org.springframework.test.context.cache   : Spring test ApplicationContext cache statistics: [DefaultContextCache@33f42420 size = 3, maxSize = 32, parentContextCount = 0, hitCount = 175, missCount = 5, failureCount = 1]
2025-09-18T20:22:09.683+02:00 DEBUG 14220 --- [UserManagementAPI] [           main] org.springframework.test.context.cache   : Spring test ApplicationContext cache statistics: [DefaultContextCache@33f42420 size = 3, maxSize = 32, parentContextCount = 0, hitCount = 176, missCount = 5, failureCount = 1]
2025-09-18T20:22:09.683+02:00 DEBUG 14220 --- [UserManagementAPI] [           main] .c.s.DirtiesContextTestExecutionListener : After test method: class [LoginIntegrationTest], method [testLoginReturnsJwtToken], class annotated with @DirtiesContext [false] with mode [null], method annotated with @DirtiesContext [false] with mode [null]
2025-09-18T20:22:09.683+02:00 DEBUG 14220 --- [UserManagementAPI] [           main] o.s.t.c.w.ServletTestExecutionListener   : Resetting RequestContextHolder for test class com.example.usermanagement.security.LoginIntegrationTest
]]></system-out>
  </testcase>
</testsuite>