<?xml version="1.0" encoding="UTF-8"?>
<testsuite xmlns:xsi="http://www.w3.org/2001/XMLSchema-instance" xsi:noNamespaceSchemaLocation="https://maven.apache.org/surefire/maven-surefire-plugin/xsd/surefire-test-report-3.0.xsd" version="3.0" name="com.example.usermanagement.security.PasswordEncodingTest" time="0.209" tests="1" errors="0" skipped="0" failures="0">
  <properties>
    <property name="APP_ENV" value="test"/>
    <property name="java.specification.version" value="21"/>
    <property name="sun.cpu.isalist" value="amd64"/>
    <property name="sun.jnu.encoding" value="Cp1252"/>
    <property name="java.class.path" value="G:\modele\user-management-api-cloud\backend\target\test-classes;G:\modele\user-management-api-cloud\backend\target\classes;C:\Users\DMCDoc\.m2\repository\org\springframework\boot\spring-boot-starter-web\3.5.4\spring-boot-starter-web-3.5.4.jar;C:\Users\DMCDoc\.m2\repository\org\springframework\boot\spring-boot-starter\3.5.4\spring-boot-starter-3.5.4.jar;C:\Users\DMCDoc\.m2\repository\org\springframework\boot\spring-boot\3.5.4\spring-boot-3.5.4.jar;C:\Users\DMCDoc\.m2\repository\org\springframework\boot\spring-boot-autoconfigure\3.5.4\spring-boot-autoconfigure-3.5.4.jar;C:\Users\DMCDoc\.m2\repository\org\springframework\boot\spring-boot-starter-logging\3.5.4\spring-boot-starter-logging-3.5.4.jar;C:\Users\DMCDoc\.m2\repository\ch\qos\logback\logback-classic\1.5.18\logback-classic-1.5.18.jar;C:\Users\DMCDoc\.m2\repository\ch\qos\logback\logback-core\1.5.18\logback-core-1.5.18.jar;C:\Users\DMCDoc\.m2\repository\org\apache\logging\log4j\log4j-to-slf4j\2.24.3\log4j-to-slf4j-2.24.3.jar;C:\Users\DMCDoc\.m2\repository\org\apache\logging\log4j\log4j-api\2.24.3\log4j-api-2.24.3.jar;C:\Users\DMCDoc\.m2\repository\org\slf4j\jul-to-slf4j\2.0.17\jul-to-slf4j-2.0.17.jar;C:\Users\DMCDoc\.m2\repository\jakarta\annotation\jakarta.annotation-api\2.1.1\jakarta.annotation-api-2.1.1.jar;C:\Users\DMCDoc\.m2\repository\org\yaml\snakeyaml\2.4\snakeyaml-2.4.jar;C:\Users\DMCDoc\.m2\repository\org\springframework\boot\spring-boot-starter-json\3.5.4\spring-boot-starter-json-3.5.4.jar;C:\Users\DMCDoc\.m2\repository\com\fasterxml\jackson\datatype\jackson-datatype-jdk8\2.19.2\jackson-datatype-jdk8-2.19.2.jar;C:\Users\DMCDoc\.m2\repository\com\fasterxml\jackson\datatype\jackson-datatype-jsr310\2.19.2\jackson-datatype-jsr310-2.19.2.jar;C:\Users\DMCDoc\.m2\repository\com\fasterxml\jackson\module\jackson-module-parameter-names\2.19.2\jackson-module-parameter-names-2.19.2.jar;C:\Users\DMCDoc\.m2\repository\org\springframework\boot\spring-boot-starter-tomcat\3.5.4\spring-boot-starter-tomcat-3.5.4.jar;C:\Users\DMCDoc\.m2\repository\org\apache\tomcat\embed\tomcat-embed-core\10.1.43\tomcat-embed-core-10.1.43.jar;C:\Users\DMCDoc\.m2\repository\org\apache\tomcat\embed\tomcat-embed-el\10.1.43\tomcat-embed-el-10.1.43.jar;C:\Users\DMCDoc\.m2\repository\org\apache\tomcat\embed\tomcat-embed-websocket\10.1.43\tomcat-embed-websocket-10.1.43.jar;C:\Users\DMCDoc\.m2\repository\org\springframework\spring-web\6.2.9\spring-web-6.2.9.jar;C:\Users\DMCDoc\.m2\repository\org\springframework\spring-beans\6.2.9\spring-beans-6.2.9.jar;C:\Users\DMCDoc\.m2\repository\org\springframework\spring-webmvc\6.2.9\spring-webmvc-6.2.9.jar;C:\Users\DMCDoc\.m2\repository\org\springframework\spring-context\6.2.9\spring-context-6.2.9.jar;C:\Users\DMCDoc\.m2\repository\org\springframework\spring-expression\6.2.9\spring-expression-6.2.9.jar;C:\Users\DMCDoc\.m2\repository\org\springframework\boot\spring-boot-starter-security\3.5.4\spring-boot-starter-security-3.5.4.jar;C:\Users\DMCDoc\.m2\repository\org\springframework\spring-aop\6.2.9\spring-aop-6.2.9.jar;C:\Users\DMCDoc\.m2\repository\org\springframework\security\spring-security-config\6.5.2\spring-security-config-6.5.2.jar;C:\Users\DMCDoc\.m2\repository\org\springframework\security\spring-security-web\6.5.2\spring-security-web-6.5.2.jar;C:\Users\DMCDoc\.m2\repository\org\springframework\boot\spring-boot-starter-actuator\3.5.4\spring-boot-starter-actuator-3.5.4.jar;C:\Users\DMCDoc\.m2\repository\org\springframework\boot\spring-boot-actuator-autoconfigure\3.5.4\spring-boot-actuator-autoconfigure-3.5.4.jar;C:\Users\DMCDoc\.m2\repository\org\springframework\boot\spring-boot-actuator\3.5.4\spring-boot-actuator-3.5.4.jar;C:\Users\DMCDoc\.m2\repository\io\micrometer\micrometer-observation\1.15.2\micrometer-observation-1.15.2.jar;C:\Users\DMCDoc\.m2\repository\io\micrometer\micrometer-commons\1.15.2\micrometer-commons-1.15.2.jar;C:\Users\DMCDoc\.m2\repository\io\micrometer\micrometer-jakarta9\1.15.2\micrometer-jakarta9-1.15.2.jar;C:\Users\DMCDoc\.m2\repository\io\micrometer\micrometer-core\1.15.2\micrometer-core-1.15.2.jar;C:\Users\DMCDoc\.m2\repository\org\hdrhistogram\HdrHistogram\2.2.2\HdrHistogram-2.2.2.jar;C:\Users\DMCDoc\.m2\repository\org\latencyutils\LatencyUtils\2.0.3\LatencyUtils-2.0.3.jar;C:\Users\DMCDoc\.m2\repository\org\springframework\boot\spring-boot-starter-data-jpa\3.5.4\spring-boot-starter-data-jpa-3.5.4.jar;C:\Users\DMCDoc\.m2\repository\org\springframework\boot\spring-boot-starter-jdbc\3.5.4\spring-boot-starter-jdbc-3.5.4.jar;C:\Users\DMCDoc\.m2\repository\com\zaxxer\HikariCP\6.3.1\HikariCP-6.3.1.jar;C:\Users\DMCDoc\.m2\repository\org\springframework\spring-jdbc\6.2.9\spring-jdbc-6.2.9.jar;C:\Users\DMCDoc\.m2\repository\org\hibernate\orm\hibernate-core\6.6.22.Final\hibernate-core-6.6.22.Final.jar;C:\Users\DMCDoc\.m2\repository\jakarta\persistence\jakarta.persistence-api\3.1.0\jakarta.persistence-api-3.1.0.jar;C:\Users\DMCDoc\.m2\repository\jakarta\transaction\jakarta.transaction-api\2.0.1\jakarta.transaction-api-2.0.1.jar;C:\Users\DMCDoc\.m2\repository\org\hibernate\common\hibernate-commons-annotations\7.0.3.Final\hibernate-commons-annotations-7.0.3.Final.jar;C:\Users\DMCDoc\.m2\repository\io\smallrye\jandex\3.2.0\jandex-3.2.0.jar;C:\Users\DMCDoc\.m2\repository\net\bytebuddy\byte-buddy\1.17.6\byte-buddy-1.17.6.jar;C:\Users\DMCDoc\.m2\repository\org\glassfish\jaxb\jaxb-runtime\4.0.5\jaxb-runtime-4.0.5.jar;C:\Users\DMCDoc\.m2\repository\org\glassfish\jaxb\jaxb-core\4.0.5\jaxb-core-4.0.5.jar;C:\Users\DMCDoc\.m2\repository\org\eclipse\angus\angus-activation\2.0.2\angus-activation-2.0.2.jar;C:\Users\DMCDoc\.m2\repository\org\glassfish\jaxb\txw2\4.0.5\txw2-4.0.5.jar;C:\Users\DMCDoc\.m2\repository\com\sun\istack\istack-commons-runtime\4.1.2\istack-commons-runtime-4.1.2.jar;C:\Users\DMCDoc\.m2\repository\jakarta\inject\jakarta.inject-api\2.0.1\jakarta.inject-api-2.0.1.jar;C:\Users\DMCDoc\.m2\repository\org\antlr\antlr4-runtime\4.13.0\antlr4-runtime-4.13.0.jar;C:\Users\DMCDoc\.m2\repository\org\springframework\data\spring-data-jpa\3.5.2\spring-data-jpa-3.5.2.jar;C:\Users\DMCDoc\.m2\repository\org\springframework\data\spring-data-commons\3.5.2\spring-data-commons-3.5.2.jar;C:\Users\DMCDoc\.m2\repository\org\springframework\spring-orm\6.2.9\spring-orm-6.2.9.jar;C:\Users\DMCDoc\.m2\repository\org\springframework\spring-tx\6.2.9\spring-tx-6.2.9.jar;C:\Users\DMCDoc\.m2\repository\org\slf4j\slf4j-api\2.0.17\slf4j-api-2.0.17.jar;C:\Users\DMCDoc\.m2\repository\org\springframework\spring-aspects\6.2.9\spring-aspects-6.2.9.jar;C:\Users\DMCDoc\.m2\repository\org\aspectj\aspectjweaver\1.9.24\aspectjweaver-1.9.24.jar;C:\Users\DMCDoc\.m2\repository\org\hibernate\validator\hibernate-validator\8.0.2.Final\hibernate-validator-8.0.2.Final.jar;C:\Users\DMCDoc\.m2\repository\org\jboss\logging\jboss-logging\3.6.1.Final\jboss-logging-3.6.1.Final.jar;C:\Users\DMCDoc\.m2\repository\com\fasterxml\classmate\1.7.0\classmate-1.7.0.jar;C:\Users\DMCDoc\.m2\repository\org\springframework\boot\spring-boot-starter-test\3.5.4\spring-boot-starter-test-3.5.4.jar;C:\Users\DMCDoc\.m2\repository\org\springframework\boot\spring-boot-test\3.5.4\spring-boot-test-3.5.4.jar;C:\Users\DMCDoc\.m2\repository\org\springframework\boot\spring-boot-test-autoconfigure\3.5.4\spring-boot-test-autoconfigure-3.5.4.jar;C:\Users\DMCDoc\.m2\repository\com\jayway\jsonpath\json-path\2.9.0\json-path-2.9.0.jar;C:\Users\DMCDoc\.m2\repository\jakarta\xml\bind\jakarta.xml.bind-api\4.0.2\jakarta.xml.bind-api-4.0.2.jar;C:\Users\DMCDoc\.m2\repository\jakarta\activation\jakarta.activation-api\2.1.3\jakarta.activation-api-2.1.3.jar;C:\Users\DMCDoc\.m2\repository\net\minidev\json-smart\2.5.2\json-smart-2.5.2.jar;C:\Users\DMCDoc\.m2\repository\net\minidev\accessors-smart\2.5.2\accessors-smart-2.5.2.jar;C:\Users\DMCDoc\.m2\repository\org\ow2\asm\asm\9.7.1\asm-9.7.1.jar;C:\Users\DMCDoc\.m2\repository\org\assertj\assertj-core\3.27.3\assertj-core-3.27.3.jar;C:\Users\DMCDoc\.m2\repository\org\awaitility\awaitility\4.2.2\awaitility-4.2.2.jar;C:\Users\DMCDoc\.m2\repository\org\hamcrest\hamcrest\3.0\hamcrest-3.0.jar;C:\Users\DMCDoc\.m2\repository\org\mockito\mockito-core\5.17.0\mockito-core-5.17.0.jar;C:\Users\DMCDoc\.m2\repository\net\bytebuddy\byte-buddy-agent\1.17.6\byte-buddy-agent-1.17.6.jar;C:\Users\DMCDoc\.m2\repository\org\objenesis\objenesis\3.3\objenesis-3.3.jar;C:\Users\DMCDoc\.m2\repository\org\mockito\mockito-junit-jupiter\5.17.0\mockito-junit-jupiter-5.17.0.jar;C:\Users\DMCDoc\.m2\repository\org\skyscreamer\jsonassert\1.5.3\jsonassert-1.5.3.jar;C:\Users\DMCDoc\.m2\repository\com\vaadin\external\google\android-json\0.0.20131108.vaadin1\android-json-0.0.20131108.vaadin1.jar;C:\Users\DMCDoc\.m2\repository\org\springframework\spring-core\6.2.9\spring-core-6.2.9.jar;C:\Users\DMCDoc\.m2\repository\org\springframework\spring-jcl\6.2.9\spring-jcl-6.2.9.jar;C:\Users\DMCDoc\.m2\repository\org\springframework\spring-test\6.2.9\spring-test-6.2.9.jar;C:\Users\DMCDoc\.m2\repository\org\xmlunit\xmlunit-core\2.10.3\xmlunit-core-2.10.3.jar;C:\Users\DMCDoc\.m2\repository\org\springframework\security\spring-security-test\6.5.2\spring-security-test-6.5.2.jar;C:\Users\DMCDoc\.m2\repository\org\springframework\security\spring-security-core\6.5.2\spring-security-core-6.5.2.jar;C:\Users\DMCDoc\.m2\repository\org\springframework\security\spring-security-crypto\6.5.2\spring-security-crypto-6.5.2.jar;C:\Users\DMCDoc\.m2\repository\org\postgresql\postgresql\42.7.3\postgresql-42.7.3.jar;C:\Users\DMCDoc\.m2\repository\org\checkerframework\checker-qual\3.42.0\checker-qual-3.42.0.jar;C:\Users\DMCDoc\.m2\repository\io\jsonwebtoken\jjwt-api\0.11.5\jjwt-api-0.11.5.jar;C:\Users\DMCDoc\.m2\repository\io\jsonwebtoken\jjwt-impl\0.11.5\jjwt-impl-0.11.5.jar;C:\Users\DMCDoc\.m2\repository\io\jsonwebtoken\jjwt-jackson\0.11.5\jjwt-jackson-0.11.5.jar;C:\Users\DMCDoc\.m2\repository\com\fasterxml\jackson\core\jackson-databind\2.17.2\jackson-databind-2.17.2.jar;C:\Users\DMCDoc\.m2\repository\com\fasterxml\jackson\core\jackson-annotations\2.17.2\jackson-annotations-2.17.2.jar;C:\Users\DMCDoc\.m2\repository\com\fasterxml\jackson\core\jackson-core\2.17.2\jackson-core-2.17.2.jar;C:\Users\DMCDoc\.m2\repository\jakarta\validation\jakarta.validation-api\3.1.0\jakarta.validation-api-3.1.0.jar;C:\Users\DMCDoc\.m2\repository\org\glassfish\jakarta.el\4.0.2\jakarta.el-4.0.2.jar;C:\Users\DMCDoc\.m2\repository\jakarta\el\jakarta.el-api\4.0.0\jakarta.el-api-4.0.0.jar;G:\modele\user-management-api-cloud\shared_common\target\classes;C:\Users\DMCDoc\.m2\repository\org\projectlombok\lombok\1.18.34\lombok-1.18.34.jar;C:\Users\DMCDoc\.m2\repository\org\junit\jupiter\junit-jupiter\5.10.2\junit-jupiter-5.10.2.jar;C:\Users\DMCDoc\.m2\repository\org\junit\jupiter\junit-jupiter-api\5.12.2\junit-jupiter-api-5.12.2.jar;C:\Users\DMCDoc\.m2\repository\org\opentest4j\opentest4j\1.3.0\opentest4j-1.3.0.jar;C:\Users\DMCDoc\.m2\repository\org\junit\platform\junit-platform-commons\1.12.2\junit-platform-commons-1.12.2.jar;C:\Users\DMCDoc\.m2\repository\org\apiguardian\apiguardian-api\1.1.2\apiguardian-api-1.1.2.jar;C:\Users\DMCDoc\.m2\repository\org\junit\jupiter\junit-jupiter-params\5.12.2\junit-jupiter-params-5.12.2.jar;C:\Users\DMCDoc\.m2\repository\org\junit\jupiter\junit-jupiter-engine\5.12.2\junit-jupiter-engine-5.12.2.jar;C:\Users\DMCDoc\.m2\repository\org\junit\platform\junit-platform-engine\1.12.2\junit-platform-engine-1.12.2.jar;"/>
    <property name="java.vm.vendor" value="Eclipse Adoptium"/>
    <property name="sun.arch.data.model" value="64"/>
    <property name="user.variant" value=""/>
    <property name="java.vendor.url" value="https://adoptium.net/"/>
    <property name="user.timezone" value="Europe/Paris"/>
    <property name="org.jboss.logging.provider" value="slf4j"/>
    <property name="os.name" value="Windows 11"/>
    <property name="java.vm.specification.version" value="21"/>
    <property name="APPLICATION_NAME" value="UserManagementAPI"/>
    <property name="sun.java.launcher" value="SUN_STANDARD"/>
    <property name="user.country" value="FR"/>
    <property name="sun.boot.library.path" value="C:\Program Files\Eclipse Adoptium\jdk-21.0.8.9-hotspot\bin"/>
    <property name="sun.java.command" value="C:\Users\DMCDoc\AppData\Local\Temp\surefire11158959139181656199\surefirebooter-20250919204359959_6.jar C:\Users\DMCDoc\AppData\Local\Temp\surefire11158959139181656199 2025-09-19T20-43-57_373-jvmRun1 surefire-20250919204359959_4tmp surefire_1-20250919204359959_5tmp"/>
    <property name="jdk.debug" value="release"/>
    <property name="surefire.test.class.path" value="G:\modele\user-management-api-cloud\backend\target\test-classes;G:\modele\user-management-api-cloud\backend\target\classes;C:\Users\DMCDoc\.m2\repository\org\springframework\boot\spring-boot-starter-web\3.5.4\spring-boot-starter-web-3.5.4.jar;C:\Users\DMCDoc\.m2\repository\org\springframework\boot\spring-boot-starter\3.5.4\spring-boot-starter-3.5.4.jar;C:\Users\DMCDoc\.m2\repository\org\springframework\boot\spring-boot\3.5.4\spring-boot-3.5.4.jar;C:\Users\DMCDoc\.m2\repository\org\springframework\boot\spring-boot-autoconfigure\3.5.4\spring-boot-autoconfigure-3.5.4.jar;C:\Users\DMCDoc\.m2\repository\org\springframework\boot\spring-boot-starter-logging\3.5.4\spring-boot-starter-logging-3.5.4.jar;C:\Users\DMCDoc\.m2\repository\ch\qos\logback\logback-classic\1.5.18\logback-classic-1.5.18.jar;C:\Users\DMCDoc\.m2\repository\ch\qos\logback\logback-core\1.5.18\logback-core-1.5.18.jar;C:\Users\DMCDoc\.m2\repository\org\apache\logging\log4j\log4j-to-slf4j\2.24.3\log4j-to-slf4j-2.24.3.jar;C:\Users\DMCDoc\.m2\repository\org\apache\logging\log4j\log4j-api\2.24.3\log4j-api-2.24.3.jar;C:\Users\DMCDoc\.m2\repository\org\slf4j\jul-to-slf4j\2.0.17\jul-to-slf4j-2.0.17.jar;C:\Users\DMCDoc\.m2\repository\jakarta\annotation\jakarta.annotation-api\2.1.1\jakarta.annotation-api-2.1.1.jar;C:\Users\DMCDoc\.m2\repository\org\yaml\snakeyaml\2.4\snakeyaml-2.4.jar;C:\Users\DMCDoc\.m2\repository\org\springframework\boot\spring-boot-starter-json\3.5.4\spring-boot-starter-json-3.5.4.jar;C:\Users\DMCDoc\.m2\repository\com\fasterxml\jackson\datatype\jackson-datatype-jdk8\2.19.2\jackson-datatype-jdk8-2.19.2.jar;C:\Users\DMCDoc\.m2\repository\com\fasterxml\jackson\datatype\jackson-datatype-jsr310\2.19.2\jackson-datatype-jsr310-2.19.2.jar;C:\Users\DMCDoc\.m2\repository\com\fasterxml\jackson\module\jackson-module-parameter-names\2.19.2\jackson-module-parameter-names-2.19.2.jar;C:\Users\DMCDoc\.m2\repository\org\springframework\boot\spring-boot-starter-tomcat\3.5.4\spring-boot-starter-tomcat-3.5.4.jar;C:\Users\DMCDoc\.m2\repository\org\apache\tomcat\embed\tomcat-embed-core\10.1.43\tomcat-embed-core-10.1.43.jar;C:\Users\DMCDoc\.m2\repository\org\apache\tomcat\embed\tomcat-embed-el\10.1.43\tomcat-embed-el-10.1.43.jar;C:\Users\DMCDoc\.m2\repository\org\apache\tomcat\embed\tomcat-embed-websocket\10.1.43\tomcat-embed-websocket-10.1.43.jar;C:\Users\DMCDoc\.m2\repository\org\springframework\spring-web\6.2.9\spring-web-6.2.9.jar;C:\Users\DMCDoc\.m2\repository\org\springframework\spring-beans\6.2.9\spring-beans-6.2.9.jar;C:\Users\DMCDoc\.m2\repository\org\springframework\spring-webmvc\6.2.9\spring-webmvc-6.2.9.jar;C:\Users\DMCDoc\.m2\repository\org\springframework\spring-context\6.2.9\spring-context-6.2.9.jar;C:\Users\DMCDoc\.m2\repository\org\springframework\spring-expression\6.2.9\spring-expression-6.2.9.jar;C:\Users\DMCDoc\.m2\repository\org\springframework\boot\spring-boot-starter-security\3.5.4\spring-boot-starter-security-3.5.4.jar;C:\Users\DMCDoc\.m2\repository\org\springframework\spring-aop\6.2.9\spring-aop-6.2.9.jar;C:\Users\DMCDoc\.m2\repository\org\springframework\security\spring-security-config\6.5.2\spring-security-config-6.5.2.jar;C:\Users\DMCDoc\.m2\repository\org\springframework\security\spring-security-web\6.5.2\spring-security-web-6.5.2.jar;C:\Users\DMCDoc\.m2\repository\org\springframework\boot\spring-boot-starter-actuator\3.5.4\spring-boot-starter-actuator-3.5.4.jar;C:\Users\DMCDoc\.m2\repository\org\springframework\boot\spring-boot-actuator-autoconfigure\3.5.4\spring-boot-actuator-autoconfigure-3.5.4.jar;C:\Users\DMCDoc\.m2\repository\org\springframework\boot\spring-boot-actuator\3.5.4\spring-boot-actuator-3.5.4.jar;C:\Users\DMCDoc\.m2\repository\io\micrometer\micrometer-observation\1.15.2\micrometer-observation-1.15.2.jar;C:\Users\DMCDoc\.m2\repository\io\micrometer\micrometer-commons\1.15.2\micrometer-commons-1.15.2.jar;C:\Users\DMCDoc\.m2\repository\io\micrometer\micrometer-jakarta9\1.15.2\micrometer-jakarta9-1.15.2.jar;C:\Users\DMCDoc\.m2\repository\io\micrometer\micrometer-core\1.15.2\micrometer-core-1.15.2.jar;C:\Users\DMCDoc\.m2\repository\org\hdrhistogram\HdrHistogram\2.2.2\HdrHistogram-2.2.2.jar;C:\Users\DMCDoc\.m2\repository\org\latencyutils\LatencyUtils\2.0.3\LatencyUtils-2.0.3.jar;C:\Users\DMCDoc\.m2\repository\org\springframework\boot\spring-boot-starter-data-jpa\3.5.4\spring-boot-starter-data-jpa-3.5.4.jar;C:\Users\DMCDoc\.m2\repository\org\springframework\boot\spring-boot-starter-jdbc\3.5.4\spring-boot-starter-jdbc-3.5.4.jar;C:\Users\DMCDoc\.m2\repository\com\zaxxer\HikariCP\6.3.1\HikariCP-6.3.1.jar;C:\Users\DMCDoc\.m2\repository\org\springframework\spring-jdbc\6.2.9\spring-jdbc-6.2.9.jar;C:\Users\DMCDoc\.m2\repository\org\hibernate\orm\hibernate-core\6.6.22.Final\hibernate-core-6.6.22.Final.jar;C:\Users\DMCDoc\.m2\repository\jakarta\persistence\jakarta.persistence-api\3.1.0\jakarta.persistence-api-3.1.0.jar;C:\Users\DMCDoc\.m2\repository\jakarta\transaction\jakarta.transaction-api\2.0.1\jakarta.transaction-api-2.0.1.jar;C:\Users\DMCDoc\.m2\repository\org\hibernate\common\hibernate-commons-annotations\7.0.3.Final\hibernate-commons-annotations-7.0.3.Final.jar;C:\Users\DMCDoc\.m2\repository\io\smallrye\jandex\3.2.0\jandex-3.2.0.jar;C:\Users\DMCDoc\.m2\repository\net\bytebuddy\byte-buddy\1.17.6\byte-buddy-1.17.6.jar;C:\Users\DMCDoc\.m2\repository\org\glassfish\jaxb\jaxb-runtime\4.0.5\jaxb-runtime-4.0.5.jar;C:\Users\DMCDoc\.m2\repository\org\glassfish\jaxb\jaxb-core\4.0.5\jaxb-core-4.0.5.jar;C:\Users\DMCDoc\.m2\repository\org\eclipse\angus\angus-activation\2.0.2\angus-activation-2.0.2.jar;C:\Users\DMCDoc\.m2\repository\org\glassfish\jaxb\txw2\4.0.5\txw2-4.0.5.jar;C:\Users\DMCDoc\.m2\repository\com\sun\istack\istack-commons-runtime\4.1.2\istack-commons-runtime-4.1.2.jar;C:\Users\DMCDoc\.m2\repository\jakarta\inject\jakarta.inject-api\2.0.1\jakarta.inject-api-2.0.1.jar;C:\Users\DMCDoc\.m2\repository\org\antlr\antlr4-runtime\4.13.0\antlr4-runtime-4.13.0.jar;C:\Users\DMCDoc\.m2\repository\org\springframework\data\spring-data-jpa\3.5.2\spring-data-jpa-3.5.2.jar;C:\Users\DMCDoc\.m2\repository\org\springframework\data\spring-data-commons\3.5.2\spring-data-commons-3.5.2.jar;C:\Users\DMCDoc\.m2\repository\org\springframework\spring-orm\6.2.9\spring-orm-6.2.9.jar;C:\Users\DMCDoc\.m2\repository\org\springframework\spring-tx\6.2.9\spring-tx-6.2.9.jar;C:\Users\DMCDoc\.m2\repository\org\slf4j\slf4j-api\2.0.17\slf4j-api-2.0.17.jar;C:\Users\DMCDoc\.m2\repository\org\springframework\spring-aspects\6.2.9\spring-aspects-6.2.9.jar;C:\Users\DMCDoc\.m2\repository\org\aspectj\aspectjweaver\1.9.24\aspectjweaver-1.9.24.jar;C:\Users\DMCDoc\.m2\repository\org\hibernate\validator\hibernate-validator\8.0.2.Final\hibernate-validator-8.0.2.Final.jar;C:\Users\DMCDoc\.m2\repository\org\jboss\logging\jboss-logging\3.6.1.Final\jboss-logging-3.6.1.Final.jar;C:\Users\DMCDoc\.m2\repository\com\fasterxml\classmate\1.7.0\classmate-1.7.0.jar;C:\Users\DMCDoc\.m2\repository\org\springframework\boot\spring-boot-starter-test\3.5.4\spring-boot-starter-test-3.5.4.jar;C:\Users\DMCDoc\.m2\repository\org\springframework\boot\spring-boot-test\3.5.4\spring-boot-test-3.5.4.jar;C:\Users\DMCDoc\.m2\repository\org\springframework\boot\spring-boot-test-autoconfigure\3.5.4\spring-boot-test-autoconfigure-3.5.4.jar;C:\Users\DMCDoc\.m2\repository\com\jayway\jsonpath\json-path\2.9.0\json-path-2.9.0.jar;C:\Users\DMCDoc\.m2\repository\jakarta\xml\bind\jakarta.xml.bind-api\4.0.2\jakarta.xml.bind-api-4.0.2.jar;C:\Users\DMCDoc\.m2\repository\jakarta\activation\jakarta.activation-api\2.1.3\jakarta.activation-api-2.1.3.jar;C:\Users\DMCDoc\.m2\repository\net\minidev\json-smart\2.5.2\json-smart-2.5.2.jar;C:\Users\DMCDoc\.m2\repository\net\minidev\accessors-smart\2.5.2\accessors-smart-2.5.2.jar;C:\Users\DMCDoc\.m2\repository\org\ow2\asm\asm\9.7.1\asm-9.7.1.jar;C:\Users\DMCDoc\.m2\repository\org\assertj\assertj-core\3.27.3\assertj-core-3.27.3.jar;C:\Users\DMCDoc\.m2\repository\org\awaitility\awaitility\4.2.2\awaitility-4.2.2.jar;C:\Users\DMCDoc\.m2\repository\org\hamcrest\hamcrest\3.0\hamcrest-3.0.jar;C:\Users\DMCDoc\.m2\repository\org\mockito\mockito-core\5.17.0\mockito-core-5.17.0.jar;C:\Users\DMCDoc\.m2\repository\net\bytebuddy\byte-buddy-agent\1.17.6\byte-buddy-agent-1.17.6.jar;C:\Users\DMCDoc\.m2\repository\org\objenesis\objenesis\3.3\objenesis-3.3.jar;C:\Users\DMCDoc\.m2\repository\org\mockito\mockito-junit-jupiter\5.17.0\mockito-junit-jupiter-5.17.0.jar;C:\Users\DMCDoc\.m2\repository\org\skyscreamer\jsonassert\1.5.3\jsonassert-1.5.3.jar;C:\Users\DMCDoc\.m2\repository\com\vaadin\external\google\android-json\0.0.20131108.vaadin1\android-json-0.0.20131108.vaadin1.jar;C:\Users\DMCDoc\.m2\repository\org\springframework\spring-core\6.2.9\spring-core-6.2.9.jar;C:\Users\DMCDoc\.m2\repository\org\springframework\spring-jcl\6.2.9\spring-jcl-6.2.9.jar;C:\Users\DMCDoc\.m2\repository\org\springframework\spring-test\6.2.9\spring-test-6.2.9.jar;C:\Users\DMCDoc\.m2\repository\org\xmlunit\xmlunit-core\2.10.3\xmlunit-core-2.10.3.jar;C:\Users\DMCDoc\.m2\repository\org\springframework\security\spring-security-test\6.5.2\spring-security-test-6.5.2.jar;C:\Users\DMCDoc\.m2\repository\org\springframework\security\spring-security-core\6.5.2\spring-security-core-6.5.2.jar;C:\Users\DMCDoc\.m2\repository\org\springframework\security\spring-security-crypto\6.5.2\spring-security-crypto-6.5.2.jar;C:\Users\DMCDoc\.m2\repository\org\postgresql\postgresql\42.7.3\postgresql-42.7.3.jar;C:\Users\DMCDoc\.m2\repository\org\checkerframework\checker-qual\3.42.0\checker-qual-3.42.0.jar;C:\Users\DMCDoc\.m2\repository\io\jsonwebtoken\jjwt-api\0.11.5\jjwt-api-0.11.5.jar;C:\Users\DMCDoc\.m2\repository\io\jsonwebtoken\jjwt-impl\0.11.5\jjwt-impl-0.11.5.jar;C:\Users\DMCDoc\.m2\repository\io\jsonwebtoken\jjwt-jackson\0.11.5\jjwt-jackson-0.11.5.jar;C:\Users\DMCDoc\.m2\repository\com\fasterxml\jackson\core\jackson-databind\2.17.2\jackson-databind-2.17.2.jar;C:\Users\DMCDoc\.m2\repository\com\fasterxml\jackson\core\jackson-annotations\2.17.2\jackson-annotations-2.17.2.jar;C:\Users\DMCDoc\.m2\repository\com\fasterxml\jackson\core\jackson-core\2.17.2\jackson-core-2.17.2.jar;C:\Users\DMCDoc\.m2\repository\jakarta\validation\jakarta.validation-api\3.1.0\jakarta.validation-api-3.1.0.jar;C:\Users\DMCDoc\.m2\repository\org\glassfish\jakarta.el\4.0.2\jakarta.el-4.0.2.jar;C:\Users\DMCDoc\.m2\repository\jakarta\el\jakarta.el-api\4.0.0\jakarta.el-api-4.0.0.jar;G:\modele\user-management-api-cloud\shared_common\target\classes;C:\Users\DMCDoc\.m2\repository\org\projectlombok\lombok\1.18.34\lombok-1.18.34.jar;C:\Users\DMCDoc\.m2\repository\org\junit\jupiter\junit-jupiter\5.10.2\junit-jupiter-5.10.2.jar;C:\Users\DMCDoc\.m2\repository\org\junit\jupiter\junit-jupiter-api\5.12.2\junit-jupiter-api-5.12.2.jar;C:\Users\DMCDoc\.m2\repository\org\opentest4j\opentest4j\1.3.0\opentest4j-1.3.0.jar;C:\Users\DMCDoc\.m2\repository\org\junit\platform\junit-platform-commons\1.12.2\junit-platform-commons-1.12.2.jar;C:\Users\DMCDoc\.m2\repository\org\apiguardian\apiguardian-api\1.1.2\apiguardian-api-1.1.2.jar;C:\Users\DMCDoc\.m2\repository\org\junit\jupiter\junit-jupiter-params\5.12.2\junit-jupiter-params-5.12.2.jar;C:\Users\DMCDoc\.m2\repository\org\junit\jupiter\junit-jupiter-engine\5.12.2\junit-jupiter-engine-5.12.2.jar;C:\Users\DMCDoc\.m2\repository\org\junit\platform\junit-platform-engine\1.12.2\junit-platform-engine-1.12.2.jar;"/>
    <property name="sun.cpu.endian" value="little"/>
    <property name="user.home" value="C:\Users\DMCDoc"/>
    <property name="user.language" value="fr"/>
    <property name="java.specification.vendor" value="Oracle Corporation"/>
    <property name="java.version.date" value="2025-07-15"/>
    <property name="java.home" value="C:\Program Files\Eclipse Adoptium\jdk-21.0.8.9-hotspot"/>
    <property name="file.separator" value="\"/>
    <property name="basedir" value="G:\modele\user-management-api-cloud\backend"/>
    <property name="java.vm.compressedOopsMode" value="Zero based"/>
    <property name="line.separator" value="&#10;"/>
    <property name="java.vm.specification.vendor" value="Oracle Corporation"/>
    <property name="java.specification.name" value="Java Platform API Specification"/>
    <property name="FILE_LOG_CHARSET" value="UTF-8"/>
    <property name="java.awt.headless" value="true"/>
    <property name="surefire.real.class.path" value="C:\Users\DMCDoc\AppData\Local\Temp\surefire11158959139181656199\surefirebooter-20250919204359959_6.jar"/>
    <property name="user.script" value=""/>
    <property name="sun.management.compiler" value="HotSpot 64-Bit Tiered Compilers"/>
    <property name="java.runtime.version" value="21.0.8+9-LTS"/>
    <property name="user.name" value="DMCDoc"/>
    <property name="stdout.encoding" value="Cp1252"/>
    <property name="path.separator" value=";"/>
    <property name="os.version" value="10.0"/>
    <property name="java.runtime.name" value="OpenJDK Runtime Environment"/>
    <property name="file.encoding" value="UTF-8"/>
    <property name="FILE_LOG_PATTERN" value="%d{yyyy-MM-dd HH:mm:ss} %-5level %logger{36} - %msg%n"/>
    <property name="java.vm.name" value="OpenJDK 64-Bit Server VM"/>
    <property name="java.vendor.version" value="Temurin-21.0.8+9"/>
    <property name="LOG_FILE" value="logs/usermanagement.log"/>
    <property name="localRepository" value="C:\Users\DMCDoc\.m2\repository"/>
    <property name="java.vendor.url.bug" value="https://github.com/adoptium/adoptium-support/issues"/>
    <property name="java.io.tmpdir" value="C:\Users\DMCDoc\AppData\Local\Temp\"/>
    <property name="com.zaxxer.hikari.pool_number" value="3"/>
    <property name="java.version" value="21.0.8"/>
    <property name="user.dir" value="G:\modele\user-management-api-cloud\backend"/>
    <property name="os.arch" value="amd64"/>
    <property name="java.vm.specification.name" value="Java Virtual Machine Specification"/>
    <property name="PID" value="7544"/>
    <property name="sun.os.patch.level" value=""/>
    <property name="CONSOLE_LOG_CHARSET" value="UTF-8"/>
    <property name="native.encoding" value="Cp1252"/>
    <property name="java.library.path" value="C:\Program Files\Eclipse Adoptium\jdk-21.0.8.9-hotspot\bin;C:\Windows\Sun\Java\bin;C:\Windows\system32;C:\Windows;C:\Users\DMCDoc\bin;C:\Program Files\Git\mingw64\bin;C:\Program Files\Git\usr\local\bin;C:\Program Files\Git\usr\bin;C:\Program Files\Git\usr\bin;C:\Program Files\Git\mingw64\bin;C:\Program Files\Git\usr\bin;C:\Users\DMCDoc\bin;C:\Users\DMCDoc\flutter\bin\cache\dart-sdk\bin;C:\Python313\Scripts;C:\Python313;C:\Program Files\Amazon Corretto\jdk17.0.15_6\bin;C:\Program Files\Eclipse Adoptium\jdk-21.0.8.9-hotspot\bin;D:\application\VMworkstation\bin;C:\Windows\system32;C:\Windows;C:\Windows\System32\Wbem;C:\Windows\System32\WindowsPowerShell\v1.0;C:\Windows\System32\OpenSSH;C:\Program Files\dotnet;C:\Windows\AtlasModules;C:\Windows\AtlasModules\Apps;C:\Windows\AtlasModules\Other;C:\Windows\AtlasModules\Tools;C:\Windows\AtlasModules\Scripts;C:\Program Files\PowerShell\7;C:\Users\DMCDoc\AppData\Local\Programs\Python\Launcher;C:\Users\DMCDoc\flutter\bin;C:\Users\DMCDoc\AppData\Local\Microsoft\WindowsApps;C:\Program Files\Oracle\VirtualBox;D:\Document\FormationRéseau\convertisseur\convertisseur\flutter\bin;D:\Document\FormationReseau\convertisseur\convertissor\convertisseur\flutter\bin;G:\Formation\FormationReseau\convertisseur\convertissor\flutter\bin;C:\Users\DMCDoc\AppData\Local\Microsoft\WindowsApps;D:\application\Chocolatey\bin;C:\Program Files\Git\cmd;C:\Program Files\Microsoft VS Code\bin;C:\Program Files (x86)\Windows Kits\10\Windows Performance Toolkit;C:\Program Files\OpenJDK\jdk-22.0.2\bin;C:\Program Files\OpenJDK\jdk-17.0.1\bin;D:\application\Nodejs;C:\Program Files\Amazon\AWSCLIV2;D:\application\Chocolatey\lib\maven\apache-maven-3.9.11\bin;C:\Program Files\Vagrant\bin;C:\Program Files\OpenJDK\jdk-17.0.1\bin;C:\Program Files\Eclipse Adoptium\jdk-21.0.8.9-hotspot\bin;C:\Users\DMCDoc\flutter\bin;C:\Users\DMCDoc\AppData\Local\Microsoft\WindowsApps;C:\Program Files\Oracle\VirtualBox;D:\Document\FormationRéseau\convertisseur\convertisseur\flutter\bin;D:\Document\FormationReseau\convertisseur\convertissor\convertisseur\flutter\bin;G:\Formation\FormationReseau\convertisseur\convertissor\flutter\bin;C:\Program Files (x86)\Windows Kits\10\Assessment and Deployment Kit\Deployment Tools\amd64\Oscdimg;C:\Program Files (x86)\Windows Kits\10\Assessment and Deployment Kit\Deployment Tools\WSIM\amd64;C:\tools\mysql\current\bin;C:\Users\DMCDoc\.lmstudio\bin;C:\Users\DMCDoc\AppData\Roaming\npm;C:\Users\DMCDoc\AppData\Local\Programs\Ollama;C:\Users\DMCDoc\AppData\Roaming\Code\User\globalStorage\github.copilot-chat\debugCommand;C:\Users\DMCDoc\.vscode\extensions\ms-python.debugpy-2025.10.0-win32-x64\bundled\scripts\noConfigScripts;C:\Program Files\Git\usr\bin\vendor_perl;C:\Program Files\Git\usr\bin\core_perl;."/>
    <property name="java.vm.info" value="mixed mode, sharing"/>
    <property name="stderr.encoding" value="Cp1252"/>
    <property name="java.vendor" value="Eclipse Adoptium"/>
    <property name="java.vm.version" value="21.0.8+9-LTS"/>
    <property name="sun.io.unicode.encoding" value="UnicodeLittle"/>
    <property name="java.class.version" value="65.0"/>
    <property name="LOGGED_APPLICATION_NAME" value="[UserManagementAPI] "/>
  </properties>
  <testcase name="testRegisterAndPasswordEncoding" classname="com.example.usermanagement.security.PasswordEncodingTest" time="0.205">
    <system-out><![CDATA[2025-09-19T20:44:08.279+02:00 DEBUG 7544 --- [UserManagementAPI] [           main] .b.t.c.SpringBootTestContextBootstrapper : Neither @ContextConfiguration nor @ContextHierarchy found for test class [PasswordEncodingTest]: using SpringBootContextLoader
2025-09-19T20:44:08.279+02:00 DEBUG 7544 --- [UserManagementAPI] [           main] o.s.t.c.support.AbstractContextLoader    : Could not detect default resource locations for test class [com.example.usermanagement.security.PasswordEncodingTest]: no resource found for suffixes {-context.xml, Context.groovy}.
2025-09-19T20:44:08.279+02:00  INFO 7544 --- [UserManagementAPI] [           main] t.c.s.AnnotationConfigContextLoaderUtils : Could not detect default configuration classes for test class [com.example.usermanagement.security.PasswordEncodingTest]: PasswordEncodingTest does not declare any static, non-private, non-final, nested classes annotated with @Configuration.
2025-09-19T20:44:08.279+02:00 DEBUG 7544 --- [UserManagementAPI] [           main] .b.t.c.SpringBootTestContextBootstrapper : Using ContextCustomizerFactory implementations for test class [PasswordEncodingTest]: [ImportsContextCustomizerFactory, ExcludeFilterContextCustomizerFactory, HttpGraphQlTesterContextCustomizerFactory, DuplicateJsonObjectContextCustomizerFactory, MockitoContextCustomizerFactory, TestRestTemplateContextCustomizerFactory, WebTestClientContextCustomizerFactory, DisableReactorResourceFactoryGlobalResourcesContextCustomizerFactory, OnFailureConditionReportContextCustomizerFactory, OverrideAutoConfigurationContextCustomizerFactory, ObservabilityContextCustomizerFactory, TypeExcludeFiltersContextCustomizerFactory, PropertyMappingContextCustomizerFactory, WebDriverContextCustomizerFactory, BeanOverrideContextCustomizerFactory, MockServerContainerContextCustomizerFactory, DynamicPropertiesContextCustomizerFactory]
2025-09-19T20:44:08.279+02:00 DEBUG 7544 --- [UserManagementAPI] [           main] .b.t.c.SpringBootTestContextBootstrapper : Using ContextCustomizers for test class [PasswordEncodingTest]: [ExcludeFilterContextCustomizer, DuplicateJsonObjectContextCustomizer, MockitoContextCustomizer, TestRestTemplateContextCustomizer, DisableReactorResourceFactoryGlobalResourcesContextCustomizerCustomizer, OnFailureConditionReportContextCustomizer, DisableObservabilityContextCustomizer, PropertyMappingContextCustomizer, WebDriverContextCustomizer, DynamicPropertiesContextCustomizer]
2025-09-19T20:44:08.279+02:00  INFO 7544 --- [UserManagementAPI] [           main] .b.t.c.SpringBootTestContextBootstrapper : Found @SpringBootConfiguration com.example.usermanagement.UserManagementApplication for test class com.example.usermanagement.security.PasswordEncodingTest
2025-09-19T20:44:08.280+02:00 DEBUG 7544 --- [UserManagementAPI] [           main] .s.t.c.u.TestContextSpringFactoriesUtils : Skipping candidate TestExecutionListener [org.springframework.test.context.observation.MicrometerObservationRegistryTestExecutionListener] due to a missing dependency. Specify custom TestExecutionListener classes or make the default TestExecutionListener classes and their required dependencies available. Offending class: io.micrometer.context.ThreadLocalAccessor. MicrometerObservationRegistryTestExecutionListener requires io.micrometer:micrometer-observation:1.10.8 or higher and io.micrometer:context-propagation:1.0.3 or higher.
2025-09-19T20:44:08.281+02:00 DEBUG 7544 --- [UserManagementAPI] [           main] .b.t.c.SpringBootTestContextBootstrapper : Using TestExecutionListeners for test class [PasswordEncodingTest]: [ServletTestExecutionListener, DirtiesContextBeforeModesTestExecutionListener, ApplicationEventsTestExecutionListener, MockitoTestExecutionListener, BeanOverrideTestExecutionListener, DependencyInjectionTestExecutionListener, DirtiesContextTestExecutionListener, CommonCachesTestExecutionListener, TransactionalTestExecutionListener, SqlScriptsTestExecutionListener, EventPublishingTestExecutionListener, WithSecurityContextTestExecutionListener, ReactorContextTestExecutionListener, ResetMocksTestExecutionListener, RestDocsTestExecutionListener, MockRestServiceServerResetTestExecutionListener, MockMvcPrintOnlyOnFailureTestExecutionListener, WebDriverTestExecutionListener, MockWebServiceServerTestExecutionListener, MockitoResetTestExecutionListener]
2025-09-19T20:44:08.281+02:00 DEBUG 7544 --- [UserManagementAPI] [           main] sContextBeforeModesTestExecutionListener : Before test class: class [PasswordEncodingTest], class annotated with @DirtiesContext [false] with mode [null]
2025-09-19T20:44:08.281+02:00 DEBUG 7544 --- [UserManagementAPI] [           main] org.springframework.test.context.cache   : Spring test ApplicationContext cache statistics: [DefaultContextCache@22b9ac0f size = 3, maxSize = 32, parentContextCount = 0, hitCount = 179, missCount = 5, failureCount = 1]
2025-09-19T20:44:08.282+02:00 DEBUG 7544 --- [UserManagementAPI] [           main] org.springframework.test.context.cache   : Spring test ApplicationContext cache statistics: [DefaultContextCache@22b9ac0f size = 3, maxSize = 32, parentContextCount = 0, hitCount = 180, missCount = 5, failureCount = 1]
2025-09-19T20:44:08.282+02:00 DEBUG 7544 --- [UserManagementAPI] [           main] o.s.t.c.w.ServletTestExecutionListener   : Setting up MockHttpServletRequest, MockHttpServletResponse, ServletWebRequest, and RequestContextHolder for test class com.example.usermanagement.security.PasswordEncodingTest
2025-09-19T20:44:08.282+02:00 DEBUG 7544 --- [UserManagementAPI] [           main] DependencyInjectionTestExecutionListener : Performing dependency injection for test class com.example.usermanagement.security.PasswordEncodingTest
2025-09-19T20:44:08.282+02:00 DEBUG 7544 --- [UserManagementAPI] [           main] org.springframework.test.context.cache   : Spring test ApplicationContext cache statistics: [DefaultContextCache@22b9ac0f size = 3, maxSize = 32, parentContextCount = 0, hitCount = 181, missCount = 5, failureCount = 1]
2025-09-19T20:44:08.282+02:00 DEBUG 7544 --- [UserManagementAPI] [           main] org.springframework.test.context.cache   : Spring test ApplicationContext cache statistics: [DefaultContextCache@22b9ac0f size = 3, maxSize = 32, parentContextCount = 0, hitCount = 182, missCount = 5, failureCount = 1]
2025-09-19T20:44:08.283+02:00 DEBUG 7544 --- [UserManagementAPI] [           main] sContextBeforeModesTestExecutionListener : Before test method: class [PasswordEncodingTest], method [testRegisterAndPasswordEncoding], class annotated with @DirtiesContext [false] with mode [null], method annotated with @DirtiesContext [false] with mode [null]
2025-09-19T20:44:08.283+02:00 DEBUG 7544 --- [UserManagementAPI] [           main] t.c.t.TransactionalTestExecutionListener : Explicit transaction definition [PROPAGATION_REQUIRED,ISOLATION_DEFAULT] found for test class [com.example.usermanagement.security.PasswordEncodingTest] and test method [testRegisterAndPasswordEncoding]
2025-09-19T20:44:08.283+02:00 DEBUG 7544 --- [UserManagementAPI] [           main] org.springframework.test.context.cache   : Spring test ApplicationContext cache statistics: [DefaultContextCache@22b9ac0f size = 3, maxSize = 32, parentContextCount = 0, hitCount = 183, missCount = 5, failureCount = 1]
2025-09-19T20:44:08.284+02:00 DEBUG 7544 --- [UserManagementAPI] [           main] t.c.t.TransactionalTestExecutionListener : No method-level @Rollback override: using default rollback [true] for test method [void com.example.usermanagement.security.PasswordEncodingTest.testRegisterAndPasswordEncoding()]
2025-09-19T20:44:08.284+02:00 DEBUG 7544 --- [UserManagementAPI] [           main] o.s.orm.jpa.JpaTransactionManager        : Creating new transaction with name [com.example.usermanagement.security.PasswordEncodingTest.testRegisterAndPasswordEncoding]: PROPAGATION_REQUIRED,ISOLATION_DEFAULT
2025-09-19T20:44:08.284+02:00 DEBUG 7544 --- [UserManagementAPI] [           main] o.s.orm.jpa.JpaTransactionManager        : Opened new EntityManager [SessionImpl(1296266248<open>)] for JPA transaction
2025-09-19T20:44:08.284+02:00 DEBUG 7544 --- [UserManagementAPI] [           main] o.h.e.t.internal.TransactionImpl         : On TransactionImpl creation, JpaCompliance#isJpaTransactionComplianceEnabled == false
2025-09-19T20:44:08.284+02:00 DEBUG 7544 --- [UserManagementAPI] [           main] o.h.e.t.internal.TransactionImpl         : begin
2025-09-19T20:44:08.286+02:00 DEBUG 7544 --- [UserManagementAPI] [           main] o.s.orm.jpa.JpaTransactionManager        : Exposing JPA transaction as JDBC [org.springframework.orm.jpa.vendor.HibernateJpaDialect$HibernateConnectionHandle@563d3c53]
2025-09-19T20:44:08.286+02:00 DEBUG 7544 --- [UserManagementAPI] [           main] o.s.t.c.transaction.TransactionContext   : Began transaction (1) for test class [com.example.usermanagement.security.PasswordEncodingTest]; test method [testRegisterAndPasswordEncoding]; transaction manager [org.springframework.orm.jpa.JpaTransactionManager@59c9df97]; rollback [true]
2025-09-19T20:44:08.286+02:00 DEBUG 7544 --- [UserManagementAPI] [           main] org.springframework.test.context.cache   : Spring test ApplicationContext cache statistics: [DefaultContextCache@22b9ac0f size = 3, maxSize = 32, parentContextCount = 0, hitCount = 184, missCount = 5, failureCount = 1]
2025-09-19T20:44:08.286+02:00 DEBUG 7544 --- [UserManagementAPI] [           main] org.springframework.test.context.cache   : Spring test ApplicationContext cache statistics: [DefaultContextCache@22b9ac0f size = 3, maxSize = 32, parentContextCount = 0, hitCount = 185, missCount = 5, failureCount = 1]
2025-09-19T20:44:08.286+02:00 DEBUG 7544 --- [UserManagementAPI] [           main] org.springframework.test.context.cache   : Spring test ApplicationContext cache statistics: [DefaultContextCache@22b9ac0f size = 3, maxSize = 32, parentContextCount = 0, hitCount = 186, missCount = 5, failureCount = 1]
2025-09-19T20:44:08.287+02:00 DEBUG 7544 --- [UserManagementAPI] [           main] org.springframework.test.context.cache   : Spring test ApplicationContext cache statistics: [DefaultContextCache@22b9ac0f size = 3, maxSize = 32, parentContextCount = 0, hitCount = 187, missCount = 5, failureCount = 1]
2025-09-19T20:44:08.287+02:00 DEBUG 7544 --- [UserManagementAPI] [           main] org.hibernate.orm.sql.ast.create         : Created new SQL alias : r1_0
2025-09-19T20:44:08.287+02:00 DEBUG 7544 --- [UserManagementAPI] [           main] org.hibernate.orm.sql.ast.create         : Registration of TableGroup [StandardTableGroup(com.example.usermanagement.model.Role(20))] with identifierForTableGroup [com.example.usermanagement.model.Role] for NavigablePath [com.example.usermanagement.model.Role] 
2025-09-19T20:44:08.287+02:00 DEBUG 7544 --- [UserManagementAPI] [           main] o.h.q.sqm.sql.BaseSqmToSqlAstConverter   : Determining mapping-model type for SqmParameter : org.hibernate.query.sqm.tree.expression.SqmJpaCriteriaParameterWrapper@5db33742
2025-09-19T20:44:08.287+02:00 DEBUG 7544 --- [UserManagementAPI] [           main] o.h.q.sqm.sql.BaseSqmToSqlAstConverter   : Determining mapping-model type for SqmPath : SqmBasicValuedSimplePath(com.example.usermanagement.model.Role(20).name) 
2025-09-19T20:44:08.287+02:00 DEBUG 7544 --- [UserManagementAPI] [           main] org.hibernate.orm.results.graph.AST      : DomainResult Graph:
 \-EntityResultImpl [com.example.usermanagement.model.Role(20)]
 |  \-BasicFetch [com.example.usermanagement.model.Role(20).name]

2025-09-19T20:44:08.287+02:00 DEBUG 7544 --- [UserManagementAPI] [           main] org.hibernate.orm.sql.ast.tree           : SQL AST Tree:
    SelectStatement {
      FromClause {
        StandardTableGroup (r1 : com.example.usermanagement.model.Role(20)) {
          primaryTableReference : roles as r1_0
        }
      }
    }

2025-09-19T20:44:08.288+02:00 DEBUG 7544 --- [UserManagementAPI] [           main] org.hibernate.orm.sql.exec               : Skipping reading Query result cache data: cache-enabled = false, cache-mode = NORMAL
2025-09-19T20:44:08.288+02:00 DEBUG 7544 --- [UserManagementAPI] [           main] org.hibernate.SQL                        : select r1_0.id,r1_0.name from roles r1_0 where r1_0.name=?
Hibernate: select r1_0.id,r1_0.name from roles r1_0 where r1_0.name=?
2025-09-19T20:44:08.289+02:00 DEBUG 7544 --- [UserManagementAPI] [           main] org.hibernate.orm.results                : Initializer list:
	  com.example.usermanagement.model.Role(20) -> EntityJoinedFetchInitializer(com.example.usermanagement.model.Role(20))@1863915596 (SingleTableEntityPersister(com.example.usermanagement.model.Role))

2025-09-19T20:44:08.340+02:00 DEBUG 7544 --- [UserManagementAPI] [           main] o.s.orm.jpa.JpaTransactionManager        : Found thread-bound EntityManager [SessionImpl(1296266248<open>)] for JPA transaction
2025-09-19T20:44:08.340+02:00 DEBUG 7544 --- [UserManagementAPI] [           main] o.s.orm.jpa.JpaTransactionManager        : Participating in existing transaction
2025-09-19T20:44:08.340+02:00 DEBUG 7544 --- [UserManagementAPI] [           main] o.h.j.internal.PersistenceUnitUtilImpl   : jakarta.persistence.PersistenceUnitUtil.getIdentifier is only intended to work with enhanced entities (although Hibernate also adapts this support to its proxies); however the passed entity was not enhanced (nor a proxy).. may not be able to read identifier
2025-09-19T20:44:08.340+02:00 DEBUG 7544 --- [UserManagementAPI] [           main] org.hibernate.engine.spi.ActionQueue     : Executing identity-insert immediately
2025-09-19T20:44:08.341+02:00 DEBUG 7544 --- [UserManagementAPI] [           main] org.hibernate.SQL                        : insert into users (email,enabled,full_name,password,username) values (?,?,?,?,?)
Hibernate: insert into users (email,enabled,full_name,password,username) values (?,?,?,?,?)
2025-09-19T20:44:08.343+02:00 DEBUG 7544 --- [UserManagementAPI] [           main] org.hibernate.orm.results                : Initializer list is empty
2025-09-19T20:44:08.343+02:00 DEBUG 7544 --- [UserManagementAPI] [           main] o.h.id.IdentifierGeneratorHelper         : Extracted generated values [com.example.usermanagement.model.User]: [Ljava.lang.Object;@679b73ab
>>> deleteByUserId=3
2025-09-19T20:44:08.345+02:00 DEBUG 7544 --- [UserManagementAPI] [           main] o.h.e.i.AbstractFlushingEventListener    : Processing flush-time cascades
2025-09-19T20:44:08.345+02:00 DEBUG 7544 --- [UserManagementAPI] [           main] o.h.e.i.AbstractFlushingEventListener    : Dirty checking collections
2025-09-19T20:44:08.345+02:00 DEBUG 7544 --- [UserManagementAPI] [           main] org.hibernate.orm.sql.ast.create         : Created new SQL alias : rt1_0
2025-09-19T20:44:08.345+02:00 DEBUG 7544 --- [UserManagementAPI] [           main] org.hibernate.orm.sql.ast.create         : Registration of TableGroup [StandardTableGroup(com.example.usermanagement.model.RefreshToken(35))] with identifierForTableGroup [com.example.usermanagement.model.RefreshToken] for NavigablePath [com.example.usermanagement.model.RefreshToken] 
2025-09-19T20:44:08.345+02:00 DEBUG 7544 --- [UserManagementAPI] [           main] org.hibernate.orm.sql.ast.create         : Registration of TableGroup [org.hibernate.sql.ast.tree.from.LazyTableGroup@1a377f85] with identifierForTableGroup [com.example.usermanagement.model.RefreshToken(35).user] for NavigablePath [com.example.usermanagement.model.RefreshToken(35).user] 
2025-09-19T20:44:08.346+02:00 DEBUG 7544 --- [UserManagementAPI] [           main] org.hibernate.orm.sql.ast.create         : Created new SQL alias : u1_0
2025-09-19T20:44:08.346+02:00 DEBUG 7544 --- [UserManagementAPI] [           main] o.h.q.sqm.sql.BaseSqmToSqlAstConverter   : Determining mapping-model type for SqmParameter : org.hibernate.query.sqm.tree.expression.SqmJpaCriteriaParameterWrapper@349a59e4
2025-09-19T20:44:08.346+02:00 DEBUG 7544 --- [UserManagementAPI] [           main] o.h.q.sqm.sql.BaseSqmToSqlAstConverter   : Determining mapping-model type for SqmPath : SqmBasicValuedSimplePath(com.example.usermanagement.model.RefreshToken(35).user(36).id) 
2025-09-19T20:44:08.346+02:00 DEBUG 7544 --- [UserManagementAPI] [           main] org.hibernate.orm.results.graph.AST      : DomainResult Graph:
 \-EntityResultImpl [com.example.usermanagement.model.RefreshToken(35)]
 |  +-BasicFetch [com.example.usermanagement.model.RefreshToken(35).expiryDate]
 |  +-BasicFetch [com.example.usermanagement.model.RefreshToken(35).token]
 |  \-CircularFetchImpl [com.example.usermanagement.model.RefreshToken(35).user]

2025-09-19T20:44:08.346+02:00 DEBUG 7544 --- [UserManagementAPI] [           main] org.hibernate.orm.sql.ast.tree           : SQL AST Tree:
    SelectStatement {
      FromClause {
        StandardTableGroup (rt1 : com.example.usermanagement.model.RefreshToken(35)) {
          primaryTableReference : refresh_tokens as rt1_0
          TableGroupJoins {
            left  join LazyTableGroup (u1 : com.example.usermanagement.model.RefreshToken(35).user(36)) {
              primaryTableReference : users as u1_0
            }
          }
        }
      }
    }

2025-09-19T20:44:08.346+02:00 DEBUG 7544 --- [UserManagementAPI] [           main] o.hibernate.engine.internal.Collections  : Collection found: [com.example.usermanagement.model.User.refreshTokens#3], was: [<unreferenced>] (initialized)
2025-09-19T20:44:08.346+02:00 DEBUG 7544 --- [UserManagementAPI] [           main] o.hibernate.engine.internal.Collections  : Collection found: [com.example.usermanagement.model.User.roles#3], was: [<unreferenced>] (initialized)
2025-09-19T20:44:08.346+02:00 DEBUG 7544 --- [UserManagementAPI] [           main] o.h.e.i.AbstractFlushingEventListener    : Flushed: 0 insertions, 0 updates, 0 deletions to 2 objects
2025-09-19T20:44:08.346+02:00 DEBUG 7544 --- [UserManagementAPI] [           main] o.h.e.i.AbstractFlushingEventListener    : Flushed: 2 (re)creations, 0 updates, 0 removals to 2 collections
2025-09-19T20:44:08.346+02:00 DEBUG 7544 --- [UserManagementAPI] [           main] o.hibernate.internal.util.EntityPrinter  : Listing entities:
2025-09-19T20:44:08.346+02:00 DEBUG 7544 --- [UserManagementAPI] [           main] o.hibernate.internal.util.EntityPrinter  : com.example.usermanagement.model.Role{name=ROLE_USER, id=1}
2025-09-19T20:44:08.346+02:00 DEBUG 7544 --- [UserManagementAPI] [           main] o.hibernate.internal.util.EntityPrinter  : com.example.usermanagement.model.User{password=$2a$10$yMVKnDQYjA61Y9Oic/R8Pedh2.m4BIkXnqZ2c2/w4DiWaFLdrcjA6, refreshTokens=[], roles=[com.example.usermanagement.model.Role#1], fullName=Alice Wonderland, id=3, email=alice@example.com, enabled=true, username=alice}
2025-09-19T20:44:08.346+02:00 DEBUG 7544 --- [UserManagementAPI] [           main] org.hibernate.engine.spi.ActionQueue     : Changes must be flushed to space: refresh_tokens
2025-09-19T20:44:08.346+02:00 DEBUG 7544 --- [UserManagementAPI] [           main] org.hibernate.orm.jdbc.mutation          : Inserting collection rows - com.example.usermanagement.model.User.roles : 3
2025-09-19T20:44:08.346+02:00 DEBUG 7544 --- [UserManagementAPI] [           main] org.hibernate.SQL                        : insert into user_roles (user_id,role_id) values (?,?)
Hibernate: insert into user_roles (user_id,role_id) values (?,?)
2025-09-19T20:44:08.347+02:00 DEBUG 7544 --- [UserManagementAPI] [           main] org.hibernate.orm.jdbc.mutation          : Done inserting `1` collection rows : com.example.usermanagement.model.User.roles
2025-09-19T20:44:08.347+02:00 DEBUG 7544 --- [UserManagementAPI] [           main] org.hibernate.orm.sql.exec               : Skipping reading Query result cache data: cache-enabled = false, cache-mode = NORMAL
2025-09-19T20:44:08.347+02:00 DEBUG 7544 --- [UserManagementAPI] [           main] org.hibernate.SQL                        : select rt1_0.id,rt1_0.expiry_date,rt1_0.token,rt1_0.user_id from refresh_tokens rt1_0 left join users u1_0 on u1_0.id=rt1_0.user_id where u1_0.id=?
Hibernate: select rt1_0.id,rt1_0.expiry_date,rt1_0.token,rt1_0.user_id from refresh_tokens rt1_0 left join users u1_0 on u1_0.id=rt1_0.user_id where u1_0.id=?
2025-09-19T20:44:08.348+02:00 DEBUG 7544 --- [UserManagementAPI] [           main] org.hibernate.orm.results                : Initializer list:
	  com.example.usermanagement.model.RefreshToken(35).user -> EntityDelayedFetchInitializer(com.example.usermanagement.model.RefreshToken(35).user)@975381534 (ToOneAttributeMapping(NavigableRole[com.example.usermanagement.model.RefreshToken.user])@457367930)
	  com.example.usermanagement.model.RefreshToken(35) -> EntityJoinedFetchInitializer(com.example.usermanagement.model.RefreshToken(35))@544097980 (SingleTableEntityPersister(com.example.usermanagement.model.RefreshToken))

2025-09-19T20:44:08.349+02:00 DEBUG 7544 --- [UserManagementAPI] [           main] o.s.orm.jpa.JpaTransactionManager        : Found thread-bound EntityManager [SessionImpl(1296266248<open>)] for JPA transaction
2025-09-19T20:44:08.349+02:00 DEBUG 7544 --- [UserManagementAPI] [           main] o.s.orm.jpa.JpaTransactionManager        : Participating in existing transaction
2025-09-19T20:44:08.349+02:00 DEBUG 7544 --- [UserManagementAPI] [           main] o.h.j.internal.PersistenceUnitUtilImpl   : jakarta.persistence.PersistenceUnitUtil.getIdentifier is only intended to work with enhanced entities (although Hibernate also adapts this support to its proxies); however the passed entity was not enhanced (nor a proxy).. may not be able to read identifier
2025-09-19T20:44:08.349+02:00 DEBUG 7544 --- [UserManagementAPI] [           main] org.hibernate.engine.spi.ActionQueue     : Executing identity-insert immediately
2025-09-19T20:44:08.349+02:00 DEBUG 7544 --- [UserManagementAPI] [           main] org.hibernate.SQL                        : insert into refresh_tokens (expiry_date,token,user_id) values (?,?,?)
Hibernate: insert into refresh_tokens (expiry_date,token,user_id) values (?,?,?)
2025-09-19T20:44:08.350+02:00 DEBUG 7544 --- [UserManagementAPI] [           main] org.hibernate.orm.results                : Initializer list is empty
2025-09-19T20:44:08.350+02:00 DEBUG 7544 --- [UserManagementAPI] [           main] o.h.id.IdentifierGeneratorHelper         : Extracted generated values [com.example.usermanagement.model.RefreshToken]: [Ljava.lang.Object;@4d8ee285
2025-09-19T20:44:08.350+02:00 DEBUG 7544 --- [UserManagementAPI] [           main] o.h.e.i.AbstractFlushingEventListener    : Processing flush-time cascades
2025-09-19T20:44:08.351+02:00 DEBUG 7544 --- [UserManagementAPI] [           main] o.h.e.i.AbstractFlushingEventListener    : Dirty checking collections
2025-09-19T20:44:08.351+02:00 DEBUG 7544 --- [UserManagementAPI] [           main] org.hibernate.orm.sql.ast.create         : Created new SQL alias : u1_0
2025-09-19T20:44:08.351+02:00 DEBUG 7544 --- [UserManagementAPI] [           main] org.hibernate.orm.sql.ast.create         : Registration of TableGroup [StandardTableGroup(com.example.usermanagement.model.User(24))] with identifierForTableGroup [com.example.usermanagement.model.User] for NavigablePath [com.example.usermanagement.model.User] 
2025-09-19T20:44:08.351+02:00 DEBUG 7544 --- [UserManagementAPI] [           main] o.h.q.sqm.sql.BaseSqmToSqlAstConverter   : Determining mapping-model type for SqmParameter : org.hibernate.query.sqm.tree.expression.SqmJpaCriteriaParameterWrapper@46d9c49
2025-09-19T20:44:08.351+02:00 DEBUG 7544 --- [UserManagementAPI] [           main] o.h.q.sqm.sql.BaseSqmToSqlAstConverter   : Determining mapping-model type for SqmPath : SqmBasicValuedSimplePath(com.example.usermanagement.model.User(24).username) 
2025-09-19T20:44:08.351+02:00 DEBUG 7544 --- [UserManagementAPI] [           main] org.hibernate.orm.results.graph.AST      : DomainResult Graph:
 \-EntityResultImpl [com.example.usermanagement.model.User(24)]
 |  +-BasicFetch [com.example.usermanagement.model.User(24).email]
 |  +-BasicFetch [com.example.usermanagement.model.User(24).enabled]
 |  +-BasicFetch [com.example.usermanagement.model.User(24).fullName]
 |  +-BasicFetch [com.example.usermanagement.model.User(24).password]
 |  +-DelayedCollectionFetch [com.example.usermanagement.model.User(24).refreshTokens]
 |  +-SelectEagerCollectionFetch [com.example.usermanagement.model.User(24).roles]
 |  \-BasicFetch [com.example.usermanagement.model.User(24).username]

2025-09-19T20:44:08.351+02:00 DEBUG 7544 --- [UserManagementAPI] [           main] org.hibernate.orm.sql.ast.tree           : SQL AST Tree:
    SelectStatement {
      FromClause {
        StandardTableGroup (u1 : com.example.usermanagement.model.User(24)) {
          primaryTableReference : users as u1_0
        }
      }
    }

2025-09-19T20:44:08.351+02:00 DEBUG 7544 --- [UserManagementAPI] [           main] o.hibernate.engine.internal.Collections  : Collection found: [com.example.usermanagement.model.User.refreshTokens#3], was: [com.example.usermanagement.model.User.refreshTokens#3] (initialized)
2025-09-19T20:44:08.351+02:00 DEBUG 7544 --- [UserManagementAPI] [           main] o.hibernate.engine.internal.Collections  : Collection found: [com.example.usermanagement.model.User.roles#3], was: [com.example.usermanagement.model.User.roles#3] (initialized)
2025-09-19T20:44:08.351+02:00 DEBUG 7544 --- [UserManagementAPI] [           main] o.h.e.i.AbstractFlushingEventListener    : Flushed: 0 insertions, 0 updates, 0 deletions to 3 objects
2025-09-19T20:44:08.351+02:00 DEBUG 7544 --- [UserManagementAPI] [           main] o.h.e.i.AbstractFlushingEventListener    : Flushed: 0 (re)creations, 0 updates, 0 removals to 2 collections
2025-09-19T20:44:08.351+02:00 DEBUG 7544 --- [UserManagementAPI] [           main] o.hibernate.internal.util.EntityPrinter  : Listing entities:
2025-09-19T20:44:08.351+02:00 DEBUG 7544 --- [UserManagementAPI] [           main] o.hibernate.internal.util.EntityPrinter  : com.example.usermanagement.model.RefreshToken{expiryDate=2025-09-26T18:44:08.349053900Z, id=3, user=com.example.usermanagement.model.User#3, token=6811c751-9573-4d0b-bd5c-88d5d3882c84}
2025-09-19T20:44:08.352+02:00 DEBUG 7544 --- [UserManagementAPI] [           main] o.hibernate.internal.util.EntityPrinter  : com.example.usermanagement.model.Role{name=ROLE_USER, id=1}
2025-09-19T20:44:08.352+02:00 DEBUG 7544 --- [UserManagementAPI] [           main] o.hibernate.internal.util.EntityPrinter  : com.example.usermanagement.model.User{password=$2a$10$yMVKnDQYjA61Y9Oic/R8Pedh2.m4BIkXnqZ2c2/w4DiWaFLdrcjA6, refreshTokens=[], roles=[com.example.usermanagement.model.Role#1], fullName=Alice Wonderland, id=3, email=alice@example.com, enabled=true, username=alice}
2025-09-19T20:44:08.352+02:00 DEBUG 7544 --- [UserManagementAPI] [           main] org.hibernate.orm.sql.exec               : Skipping reading Query result cache data: cache-enabled = false, cache-mode = NORMAL
2025-09-19T20:44:08.352+02:00 DEBUG 7544 --- [UserManagementAPI] [           main] org.hibernate.SQL                        : select u1_0.id,u1_0.email,u1_0.enabled,u1_0.full_name,u1_0.password,u1_0.username from users u1_0 where u1_0.username=?
Hibernate: select u1_0.id,u1_0.email,u1_0.enabled,u1_0.full_name,u1_0.password,u1_0.username from users u1_0 where u1_0.username=?
2025-09-19T20:44:08.352+02:00 DEBUG 7544 --- [UserManagementAPI] [           main] org.hibernate.orm.results                : Initializer list:
	  com.example.usermanagement.model.User(24) -> EntityJoinedFetchInitializer(com.example.usermanagement.model.User(24))@17548070 (SingleTableEntityPersister(com.example.usermanagement.model.User))
	  com.example.usermanagement.model.User(24).roles -> SelectEagerCollectionInitializer(com.example.usermanagement.model.User(24).roles)@287688809 (PluralAttribute(com.example.usermanagement.model.User.roles))
	  com.example.usermanagement.model.User(24).refreshTokens -> DelayedCollectionInitializer(com.example.usermanagement.model.User(24).refreshTokens)@1956948010 (PluralAttribute(com.example.usermanagement.model.User.refreshTokens))

2025-09-19T20:44:08.431+02:00 DEBUG 7544 --- [UserManagementAPI] [           main] org.springframework.test.context.cache   : Spring test ApplicationContext cache statistics: [DefaultContextCache@22b9ac0f size = 3, maxSize = 32, parentContextCount = 0, hitCount = 188, missCount = 5, failureCount = 1]
2025-09-19T20:44:08.431+02:00 DEBUG 7544 --- [UserManagementAPI] [           main] o.h.e.i.AbstractFlushingEventListener    : Processing flush-time cascades
2025-09-19T20:44:08.432+02:00 DEBUG 7544 --- [UserManagementAPI] [           main] o.h.e.i.AbstractFlushingEventListener    : Dirty checking collections
2025-09-19T20:44:08.432+02:00 DEBUG 7544 --- [UserManagementAPI] [           main] org.hibernate.orm.sql.ast.create         : Created new SQL alias : u1_0
2025-09-19T20:44:08.432+02:00 DEBUG 7544 --- [UserManagementAPI] [           main] org.hibernate.orm.sql.ast.create         : Registration of TableGroup [StandardTableGroup(com.example.usermanagement.model.User(22))] with identifierForTableGroup [com.example.usermanagement.model.User] for NavigablePath [com.example.usermanagement.model.User] 
2025-09-19T20:44:08.432+02:00 DEBUG 7544 --- [UserManagementAPI] [           main] o.h.q.sqm.sql.BaseSqmToSqlAstConverter   : Determining mapping-model type for SqmParameter : org.hibernate.query.sqm.tree.expression.SqmJpaCriteriaParameterWrapper@1765ca4d
2025-09-19T20:44:08.432+02:00 DEBUG 7544 --- [UserManagementAPI] [           main] o.h.q.sqm.sql.BaseSqmToSqlAstConverter   : Determining mapping-model type for SqmPath : SqmBasicValuedSimplePath(com.example.usermanagement.model.User(22).email) 
2025-09-19T20:44:08.432+02:00 DEBUG 7544 --- [UserManagementAPI] [           main] org.hibernate.orm.results.graph.AST      : DomainResult Graph:
 \-EntityResultImpl [com.example.usermanagement.model.User(22)]
 |  +-BasicFetch [com.example.usermanagement.model.User(22).email]
 |  +-BasicFetch [com.example.usermanagement.model.User(22).enabled]
 |  +-BasicFetch [com.example.usermanagement.model.User(22).fullName]
 |  +-BasicFetch [com.example.usermanagement.model.User(22).password]
 |  +-DelayedCollectionFetch [com.example.usermanagement.model.User(22).refreshTokens]
 |  +-SelectEagerCollectionFetch [com.example.usermanagement.model.User(22).roles]
 |  \-BasicFetch [com.example.usermanagement.model.User(22).username]

2025-09-19T20:44:08.432+02:00 DEBUG 7544 --- [UserManagementAPI] [           main] org.hibernate.orm.sql.ast.tree           : SQL AST Tree:
    SelectStatement {
      FromClause {
        StandardTableGroup (u1 : com.example.usermanagement.model.User(22)) {
          primaryTableReference : users as u1_0
        }
      }
    }

2025-09-19T20:44:08.432+02:00 DEBUG 7544 --- [UserManagementAPI] [           main] o.hibernate.engine.internal.Collections  : Collection found: [com.example.usermanagement.model.User.refreshTokens#3], was: [com.example.usermanagement.model.User.refreshTokens#3] (initialized)
2025-09-19T20:44:08.432+02:00 DEBUG 7544 --- [UserManagementAPI] [           main] o.hibernate.engine.internal.Collections  : Collection found: [com.example.usermanagement.model.User.roles#3], was: [com.example.usermanagement.model.User.roles#3] (initialized)
2025-09-19T20:44:08.432+02:00 DEBUG 7544 --- [UserManagementAPI] [           main] o.h.e.i.AbstractFlushingEventListener    : Flushed: 0 insertions, 0 updates, 0 deletions to 3 objects
2025-09-19T20:44:08.432+02:00 DEBUG 7544 --- [UserManagementAPI] [           main] o.h.e.i.AbstractFlushingEventListener    : Flushed: 0 (re)creations, 0 updates, 0 removals to 2 collections
2025-09-19T20:44:08.432+02:00 DEBUG 7544 --- [UserManagementAPI] [           main] o.hibernate.internal.util.EntityPrinter  : Listing entities:
2025-09-19T20:44:08.432+02:00 DEBUG 7544 --- [UserManagementAPI] [           main] o.hibernate.internal.util.EntityPrinter  : com.example.usermanagement.model.RefreshToken{expiryDate=2025-09-26T18:44:08.349053900Z, id=3, user=com.example.usermanagement.model.User#3, token=6811c751-9573-4d0b-bd5c-88d5d3882c84}
2025-09-19T20:44:08.432+02:00 DEBUG 7544 --- [UserManagementAPI] [           main] o.hibernate.internal.util.EntityPrinter  : com.example.usermanagement.model.Role{name=ROLE_USER, id=1}
2025-09-19T20:44:08.433+02:00 DEBUG 7544 --- [UserManagementAPI] [           main] o.hibernate.internal.util.EntityPrinter  : com.example.usermanagement.model.User{password=$2a$10$yMVKnDQYjA61Y9Oic/R8Pedh2.m4BIkXnqZ2c2/w4DiWaFLdrcjA6, refreshTokens=[], roles=[com.example.usermanagement.model.Role#1], fullName=Alice Wonderland, id=3, email=alice@example.com, enabled=true, username=alice}
2025-09-19T20:44:08.433+02:00 DEBUG 7544 --- [UserManagementAPI] [           main] org.hibernate.orm.sql.exec               : Skipping reading Query result cache data: cache-enabled = false, cache-mode = NORMAL
2025-09-19T20:44:08.433+02:00 DEBUG 7544 --- [UserManagementAPI] [           main] org.hibernate.SQL                        : select u1_0.id,u1_0.email,u1_0.enabled,u1_0.full_name,u1_0.password,u1_0.username from users u1_0 where u1_0.email=?
Hibernate: select u1_0.id,u1_0.email,u1_0.enabled,u1_0.full_name,u1_0.password,u1_0.username from users u1_0 where u1_0.email=?
2025-09-19T20:44:08.433+02:00 DEBUG 7544 --- [UserManagementAPI] [           main] org.hibernate.orm.results                : Initializer list:
	  com.example.usermanagement.model.User(22).roles -> SelectEagerCollectionInitializer(com.example.usermanagement.model.User(22).roles)@625726099 (PluralAttribute(com.example.usermanagement.model.User.roles))
	  com.example.usermanagement.model.User(22).refreshTokens -> DelayedCollectionInitializer(com.example.usermanagement.model.User(22).refreshTokens)@554086896 (PluralAttribute(com.example.usermanagement.model.User.refreshTokens))
	  com.example.usermanagement.model.User(22) -> EntityJoinedFetchInitializer(com.example.usermanagement.model.User(22))@292828756 (SingleTableEntityPersister(com.example.usermanagement.model.User))

2025-09-19T20:44:08.434+02:00 DEBUG 7544 --- [UserManagementAPI] [           main] o.s.orm.jpa.JpaTransactionManager        : Found thread-bound EntityManager [SessionImpl(1296266248<open>)] for JPA transaction
2025-09-19T20:44:08.434+02:00 DEBUG 7544 --- [UserManagementAPI] [           main] o.s.orm.jpa.JpaTransactionManager        : Participating in existing transaction
2025-09-19T20:44:08.434+02:00 DEBUG 7544 --- [UserManagementAPI] [           main] o.h.j.internal.PersistenceUnitUtilImpl   : jakarta.persistence.PersistenceUnitUtil.getIdentifier is only intended to work with enhanced entities (although Hibernate also adapts this support to its proxies); however the passed entity was not enhanced (nor a proxy).. may not be able to read identifier
2025-09-19T20:44:08.435+02:00 DEBUG 7544 --- [UserManagementAPI] [           main] org.springframework.test.context.cache   : Spring test ApplicationContext cache statistics: [DefaultContextCache@22b9ac0f size = 3, maxSize = 32, parentContextCount = 0, hitCount = 189, missCount = 5, failureCount = 1]
2025-09-19T20:44:08.435+02:00 DEBUG 7544 --- [UserManagementAPI] [           main] org.springframework.test.context.cache   : Spring test ApplicationContext cache statistics: [DefaultContextCache@22b9ac0f size = 3, maxSize = 32, parentContextCount = 0, hitCount = 190, missCount = 5, failureCount = 1]
2025-09-19T20:44:08.435+02:00 DEBUG 7544 --- [UserManagementAPI] [           main] org.springframework.test.context.cache   : Spring test ApplicationContext cache statistics: [DefaultContextCache@22b9ac0f size = 3, maxSize = 32, parentContextCount = 0, hitCount = 191, missCount = 5, failureCount = 1]
2025-09-19T20:44:08.435+02:00 DEBUG 7544 --- [UserManagementAPI] [           main] org.springframework.test.context.cache   : Spring test ApplicationContext cache statistics: [DefaultContextCache@22b9ac0f size = 3, maxSize = 32, parentContextCount = 0, hitCount = 192, missCount = 5, failureCount = 1]
2025-09-19T20:44:08.435+02:00 DEBUG 7544 --- [UserManagementAPI] [           main] org.springframework.test.context.cache   : Spring test ApplicationContext cache statistics: [DefaultContextCache@22b9ac0f size = 3, maxSize = 32, parentContextCount = 0, hitCount = 193, missCount = 5, failureCount = 1]
2025-09-19T20:44:08.436+02:00 DEBUG 7544 --- [UserManagementAPI] [           main] org.springframework.test.context.cache   : Spring test ApplicationContext cache statistics: [DefaultContextCache@22b9ac0f size = 3, maxSize = 32, parentContextCount = 0, hitCount = 194, missCount = 5, failureCount = 1]
2025-09-19T20:44:08.436+02:00 DEBUG 7544 --- [UserManagementAPI] [           main] org.springframework.test.context.cache   : Spring test ApplicationContext cache statistics: [DefaultContextCache@22b9ac0f size = 3, maxSize = 32, parentContextCount = 0, hitCount = 195, missCount = 5, failureCount = 1]
2025-09-19T20:44:08.437+02:00 DEBUG 7544 --- [UserManagementAPI] [           main] .s.t.c.j.SqlScriptsTestExecutionListener : Processing merged @SqlConfig attributes for execution phase [AFTER_TEST_METHOD] and test class [com.example.usermanagement.security.PasswordEncodingTest]
2025-09-19T20:44:08.437+02:00 DEBUG 7544 --- [UserManagementAPI] [           main] org.springframework.test.context.cache   : Spring test ApplicationContext cache statistics: [DefaultContextCache@22b9ac0f size = 3, maxSize = 32, parentContextCount = 0, hitCount = 196, missCount = 5, failureCount = 1]
2025-09-19T20:44:08.438+02:00 DEBUG 7544 --- [UserManagementAPI] [           main] .s.t.c.j.SqlScriptsTestExecutionListener : Executing SQL scripts: [Byte array resource [from inlined SQL statement: TRUNCATE TABLE user_roles CASCADE], Byte array resource [from inlined SQL statement: TRUNCATE TABLE users CASCADE], Byte array resource [from inlined SQL statement: TRUNCATE TABLE roles CASCADE]]
2025-09-19T20:44:08.439+02:00 DEBUG 7544 --- [UserManagementAPI] [           main] org.springframework.test.context.cache   : Spring test ApplicationContext cache statistics: [DefaultContextCache@22b9ac0f size = 3, maxSize = 32, parentContextCount = 0, hitCount = 197, missCount = 5, failureCount = 1]
2025-09-19T20:44:08.439+02:00 DEBUG 7544 --- [UserManagementAPI] [           main] org.springframework.test.context.cache   : Spring test ApplicationContext cache statistics: [DefaultContextCache@22b9ac0f size = 3, maxSize = 32, parentContextCount = 0, hitCount = 198, missCount = 5, failureCount = 1]
2025-09-19T20:44:08.439+02:00 DEBUG 7544 --- [UserManagementAPI] [           main] o.s.orm.jpa.JpaTransactionManager        : Found thread-bound EntityManager [SessionImpl(1296266248<open>)] for JPA transaction
2025-09-19T20:44:08.439+02:00 DEBUG 7544 --- [UserManagementAPI] [           main] o.s.orm.jpa.JpaTransactionManager        : Participating in existing transaction
2025-09-19T20:44:08.440+02:00 DEBUG 7544 --- [UserManagementAPI] [           main] o.s.jdbc.datasource.init.ScriptUtils     : Executing SQL script from Byte array resource [from inlined SQL statement: TRUNCATE TABLE user_roles CASCADE]
2025-09-19T20:44:08.442+02:00 DEBUG 7544 --- [UserManagementAPI] [           main] o.s.jdbc.datasource.init.ScriptUtils     : 0 returned as update count for SQL: TRUNCATE TABLE user_roles CASCADE
2025-09-19T20:44:08.442+02:00 DEBUG 7544 --- [UserManagementAPI] [           main] o.s.jdbc.datasource.init.ScriptUtils     : Executed SQL script from Byte array resource [from inlined SQL statement: TRUNCATE TABLE user_roles CASCADE] in 2 ms.
2025-09-19T20:44:08.442+02:00 DEBUG 7544 --- [UserManagementAPI] [           main] o.s.jdbc.datasource.init.ScriptUtils     : Executing SQL script from Byte array resource [from inlined SQL statement: TRUNCATE TABLE users CASCADE]
2025-09-19T20:44:08.473+02:00 DEBUG 7544 --- [UserManagementAPI] [           main] o.s.jdbc.datasource.init.ScriptUtils     : 0 returned as update count for SQL: TRUNCATE TABLE users CASCADE
2025-09-19T20:44:08.473+02:00 DEBUG 7544 --- [UserManagementAPI] [           main] o.s.jdbc.datasource.init.ScriptUtils     : SQLWarning ignored: SQL state '00000', error code '0', message [truncate cascades to table "refresh_tokens"]
2025-09-19T20:44:08.473+02:00 DEBUG 7544 --- [UserManagementAPI] [           main] o.s.jdbc.datasource.init.ScriptUtils     : SQLWarning ignored: SQL state '00000', error code '0', message [truncate cascades to table "user_roles"]
2025-09-19T20:44:08.473+02:00 DEBUG 7544 --- [UserManagementAPI] [           main] o.s.jdbc.datasource.init.ScriptUtils     : Executed SQL script from Byte array resource [from inlined SQL statement: TRUNCATE TABLE users CASCADE] in 31 ms.
2025-09-19T20:44:08.473+02:00 DEBUG 7544 --- [UserManagementAPI] [           main] o.s.jdbc.datasource.init.ScriptUtils     : Executing SQL script from Byte array resource [from inlined SQL statement: TRUNCATE TABLE roles CASCADE]
2025-09-19T20:44:08.483+02:00 DEBUG 7544 --- [UserManagementAPI] [           main] o.s.jdbc.datasource.init.ScriptUtils     : 0 returned as update count for SQL: TRUNCATE TABLE roles CASCADE
2025-09-19T20:44:08.483+02:00 DEBUG 7544 --- [UserManagementAPI] [           main] o.s.jdbc.datasource.init.ScriptUtils     : SQLWarning ignored: SQL state '00000', error code '0', message [truncate cascades to table "user_roles"]
2025-09-19T20:44:08.483+02:00 DEBUG 7544 --- [UserManagementAPI] [           main] o.s.jdbc.datasource.init.ScriptUtils     : Executed SQL script from Byte array resource [from inlined SQL statement: TRUNCATE TABLE roles CASCADE] in 10 ms.
2025-09-19T20:44:08.483+02:00 DEBUG 7544 --- [UserManagementAPI] [           main] o.s.orm.jpa.JpaTransactionManager        : Initiating transaction rollback
2025-09-19T20:44:08.484+02:00 DEBUG 7544 --- [UserManagementAPI] [           main] o.s.orm.jpa.JpaTransactionManager        : Rolling back JPA transaction on EntityManager [SessionImpl(1296266248<open>)]
2025-09-19T20:44:08.484+02:00 DEBUG 7544 --- [UserManagementAPI] [           main] o.h.e.t.internal.TransactionImpl         : rolling back
2025-09-19T20:44:08.486+02:00 DEBUG 7544 --- [UserManagementAPI] [           main] o.s.orm.jpa.JpaTransactionManager        : Closing JPA EntityManager [SessionImpl(1296266248<open>)] after transaction
2025-09-19T20:44:08.486+02:00 DEBUG 7544 --- [UserManagementAPI] [           main] o.s.t.c.transaction.TransactionContext   : Rolled back transaction (1) for test class [com.example.usermanagement.security.PasswordEncodingTest]; test method [testRegisterAndPasswordEncoding]
2025-09-19T20:44:08.487+02:00 DEBUG 7544 --- [UserManagementAPI] [           main] .c.s.DirtiesContextTestExecutionListener : After test method: class [PasswordEncodingTest], method [testRegisterAndPasswordEncoding], class annotated with @DirtiesContext [false] with mode [null], method annotated with @DirtiesContext [false] with mode [null]
2025-09-19T20:44:08.487+02:00 DEBUG 7544 --- [UserManagementAPI] [           main] o.s.t.c.w.ServletTestExecutionListener   : Resetting RequestContextHolder for test class com.example.usermanagement.security.PasswordEncodingTest
]]></system-out>
  </testcase>
</testsuite>